#
# There is insufficient memory for the Java Runtime Environment to continue.
# Native memory allocation (malloc) failed to allocate 32744 bytes for Chunk::new
# Possible reasons:
#   The system is out of physical RAM or swap space
#   The process is running with CompressedOops enabled, and the Java Heap may be blocking the growth of the native heap
# Possible solutions:
#   Reduce memory load on the system
#   Increase physical memory or swap space
#   Check if swap backing store is full
#   Decrease Java heap size (-Xmx/-Xms)
#   Decrease number of Java threads
#   Decrease Java thread stack sizes (-Xss)
#   Set larger code cache with -XX:ReservedCodeCacheSize=
#   JVM is running with Unscaled Compressed Oops mode in which the Java heap is
#     placed in the first 4GB address space. The Java Heap base address is the
#     maximum limit for the native heap growth. Please use -XX:HeapBaseMinAddress
#     to set the Java Heap base and to place the Java Heap above 4GB virtual address.
# This output file may be truncated or incomplete.
#
#  Out of Memory Error (arena.cpp:168), pid=18504, tid=23244
#
# JRE version: Java(TM) SE Runtime Environment (21.0.1+12) (build 21.0.1+12-LTS-29)
# Java VM: Java HotSpot(TM) 64-Bit Server VM (21.0.1+12-LTS-29, mixed mode, sharing, tiered, compressed oops, compressed class ptrs, g1 gc, windows-amd64)
# No core dump will be written. Minidumps are not enabled by default on client versions of Windows
#

---------------  S U M M A R Y ------------

Command Line: -javaagent:C:\Program Files\JetBrains\IntelliJ IDEA Community Edition 2022.3.2\lib\idea_rt.jar=53173:C:\Program Files\JetBrains\IntelliJ IDEA Community Edition 2022.3.2\bin -Dfile.encoding=UTF-8 -Dsun.stdout.encoding=UTF-8 -Dsun.stderr.encoding=UTF-8 com.pfe.challenge.ChallengeApplication

Host: 11th Gen Intel(R) Core(TM) i5-1135G7 @ 2.40GHz, 8 cores, 7G,  Windows 11 , 64 bit Build 22621 (10.0.22621.4974)
Time: Thu May  1 23:44:43 2025 Paris, Madrid elapsed time: 25.241726 seconds (0d 0h 0m 25s)

---------------  T H R E A D  ---------------

Current thread (0x0000018ba4ed9f20):  JavaThread "C2 CompilerThread0" daemon [_thread_in_native, id=23244, stack(0x000000624bb00000,0x000000624bc00000) (1024K)]


Current CompileTask:
C2:  25241 6162       4       java.util.HashSet::add (20 bytes)

Stack: [0x000000624bb00000,0x000000624bc00000]
Native frames: (J=compiled Java code, j=interpreted, Vv=VM code, C=native code)
V  [jvm.dll+0x6c9029]
V  [jvm.dll+0x854b81]
V  [jvm.dll+0x856e5e]
V  [jvm.dll+0x857543]
V  [jvm.dll+0x280c06]
V  [jvm.dll+0xc3ead]
V  [jvm.dll+0xc43c3]
V  [jvm.dll+0x14615e]
V  [jvm.dll+0x145102]
V  [jvm.dll+0x6ce658]
V  [jvm.dll+0x249e9d]
V  [jvm.dll+0x2490b1]
V  [jvm.dll+0x1c9ca1]
V  [jvm.dll+0x2586b9]
V  [jvm.dll+0x256c9a]
V  [jvm.dll+0x3ef1b6]
V  [jvm.dll+0x7fd728]
V  [jvm.dll+0x6c777d]
C  [ucrtbase.dll+0x29333]
C  [KERNEL32.DLL+0x1259d]
C  [ntdll.dll+0x5af38]


---------------  P R O C E S S  ---------------

Threads class SMR info:
_java_thread_list=0x0000018bebab28b0, length=31, elements={
0x0000018ba4ebe510, 0x0000018ba4ebf640, 0x0000018ba4ec1a00, 0x0000018ba4ec4900,
0x0000018ba4ec5490, 0x0000018ba4ecc940, 0x0000018ba4ed9f20, 0x0000018ba4edaaf0,
0x0000018ba4e8de60, 0x0000018bea6ef1e0, 0x0000018bea53b0b0, 0x0000018bed17a030,
0x0000018bec03bb00, 0x0000018bec03c170, 0x0000018bed466bc0, 0x0000018bed467f70,
0x0000018bed466530, 0x0000018bed469320, 0x0000018bed4678e0, 0x0000018bed4699b0,
0x0000018beedd7fe0, 0x0000018beeddc180, 0x0000018beeddcea0, 0x0000018beedd7950,
0x0000018beedd9390, 0x0000018beedd8670, 0x0000018beeddb460, 0x0000018beedd72c0,
0x0000018beeddbaf0, 0x0000018beedda740, 0x0000018beedd9a20
}

Java Threads: ( => current thread )
  0x0000018ba4ebe510 JavaThread "Reference Handler"          daemon [_thread_blocked, id=15304, stack(0x000000624b500000,0x000000624b600000) (1024K)]
  0x0000018ba4ebf640 JavaThread "Finalizer"                  daemon [_thread_blocked, id=20808, stack(0x000000624b600000,0x000000624b700000) (1024K)]
  0x0000018ba4ec1a00 JavaThread "Signal Dispatcher"          daemon [_thread_blocked, id=24276, stack(0x000000624b700000,0x000000624b800000) (1024K)]
  0x0000018ba4ec4900 JavaThread "Attach Listener"            daemon [_thread_blocked, id=11320, stack(0x000000624b800000,0x000000624b900000) (1024K)]
  0x0000018ba4ec5490 JavaThread "Service Thread"             daemon [_thread_blocked, id=23332, stack(0x000000624b900000,0x000000624ba00000) (1024K)]
  0x0000018ba4ecc940 JavaThread "Monitor Deflation Thread"   daemon [_thread_blocked, id=11052, stack(0x000000624ba00000,0x000000624bb00000) (1024K)]
=>0x0000018ba4ed9f20 JavaThread "C2 CompilerThread0"         daemon [_thread_in_native, id=23244, stack(0x000000624bb00000,0x000000624bc00000) (1024K)]
  0x0000018ba4edaaf0 JavaThread "C1 CompilerThread0"         daemon [_thread_blocked, id=7448, stack(0x000000624bc00000,0x000000624bd00000) (1024K)]
  0x0000018ba4e8de60 JavaThread "Common-Cleaner"             daemon [_thread_blocked, id=11024, stack(0x000000624bd00000,0x000000624be00000) (1024K)]
  0x0000018bea6ef1e0 JavaThread "Monitor Ctrl-Break"         daemon [_thread_in_native, id=7420, stack(0x000000624be00000,0x000000624bf00000) (1024K)]
  0x0000018bea53b0b0 JavaThread "Notification Thread"        daemon [_thread_blocked, id=19516, stack(0x000000624bf00000,0x000000624c000000) (1024K)]
  0x0000018bed17a030 JavaThread "Catalina-utility-1"                [_thread_blocked, id=8824, stack(0x000000624ca00000,0x000000624cb00000) (1024K)]
  0x0000018bec03bb00 JavaThread "Catalina-utility-2"                [_thread_blocked, id=6332, stack(0x000000624cd00000,0x000000624ce00000) (1024K)]
  0x0000018bec03c170 JavaThread "container-0"                       [_thread_blocked, id=4196, stack(0x000000624ce00000,0x000000624cf00000) (1024K)]
  0x0000018bed466bc0 JavaThread "mysql-cj-abandoned-connection-cleanup" daemon [_thread_blocked, id=12884, stack(0x000000624cf00000,0x000000624d000000) (1024K)]
  0x0000018bed467f70 JavaThread "HikariPool-1 housekeeper"   daemon [_thread_blocked, id=23968, stack(0x000000624cb00000,0x000000624cc00000) (1024K)]
  0x0000018bed466530 JavaThread "File Watcher"               daemon [_thread_blocked, id=20232, stack(0x000000624d200000,0x000000624d300000) (1024K)]
  0x0000018bed469320 JavaThread "Live Reload Server"         daemon [_thread_in_native, id=22924, stack(0x000000624d400000,0x000000624d500000) (1024K)]
  0x0000018bed4678e0 JavaThread "http-nio-8088-exec-1"       daemon [_thread_blocked, id=23816, stack(0x000000624d300000,0x000000624d400000) (1024K)]
  0x0000018bed4699b0 JavaThread "http-nio-8088-exec-2"       daemon [_thread_blocked, id=11072, stack(0x000000624d500000,0x000000624d600000) (1024K)]
  0x0000018beedd7fe0 JavaThread "http-nio-8088-exec-3"       daemon [_thread_blocked, id=4764, stack(0x000000624d600000,0x000000624d700000) (1024K)]
  0x0000018beeddc180 JavaThread "http-nio-8088-exec-4"       daemon [_thread_blocked, id=7604, stack(0x000000624d700000,0x000000624d800000) (1024K)]
  0x0000018beeddcea0 JavaThread "http-nio-8088-exec-5"       daemon [_thread_blocked, id=22464, stack(0x000000624d800000,0x000000624d900000) (1024K)]
  0x0000018beedd7950 JavaThread "http-nio-8088-exec-6"       daemon [_thread_blocked, id=21384, stack(0x000000624d900000,0x000000624da00000) (1024K)]
  0x0000018beedd9390 JavaThread "http-nio-8088-exec-7"       daemon [_thread_blocked, id=4720, stack(0x000000624da00000,0x000000624db00000) (1024K)]
  0x0000018beedd8670 JavaThread "http-nio-8088-exec-8"       daemon [_thread_blocked, id=11364, stack(0x000000624db00000,0x000000624dc00000) (1024K)]
  0x0000018beeddb460 JavaThread "http-nio-8088-exec-9"       daemon [_thread_blocked, id=11080, stack(0x000000624dc00000,0x000000624dd00000) (1024K)]
  0x0000018beedd72c0 JavaThread "http-nio-8088-exec-10"      daemon [_thread_blocked, id=18896, stack(0x000000624dd00000,0x000000624de00000) (1024K)]
  0x0000018beeddbaf0 JavaThread "http-nio-8088-Poller"       daemon [_thread_in_native, id=14200, stack(0x000000624de00000,0x000000624df00000) (1024K)]
  0x0000018beedda740 JavaThread "http-nio-8088-Acceptor"     daemon [_thread_in_native, id=2536, stack(0x000000624df00000,0x000000624e000000) (1024K)]
  0x0000018beedd9a20 JavaThread "DestroyJavaVM"                     [_thread_blocked, id=18792, stack(0x000000624ad00000,0x000000624ae00000) (1024K)]
Total: 31

Other Threads:
  0x0000018ba4ea1820 VMThread "VM Thread"                           [id=2812, stack(0x000000624b400000,0x000000624b500000) (1024K)]
  0x0000018ba4e8ce60 WatcherThread "VM Periodic Task Thread"        [id=20448, stack(0x000000624b300000,0x000000624b400000) (1024K)]
  0x0000018b88653100 WorkerThread "GC Thread#0"                     [id=3368, stack(0x000000624ae00000,0x000000624af00000) (1024K)]
  0x0000018beab9add0 WorkerThread "GC Thread#1"                     [id=10044, stack(0x000000624c300000,0x000000624c400000) (1024K)]
  0x0000018bead9c280 WorkerThread "GC Thread#2"                     [id=5248, stack(0x000000624c400000,0x000000624c500000) (1024K)]
  0x0000018bead9c620 WorkerThread "GC Thread#3"                     [id=10648, stack(0x000000624c500000,0x000000624c600000) (1024K)]
  0x0000018bead9c9c0 WorkerThread "GC Thread#4"                     [id=24304, stack(0x000000624c600000,0x000000624c700000) (1024K)]
  0x0000018bead9d1e0 WorkerThread "GC Thread#5"                     [id=13648, stack(0x000000624c700000,0x000000624c800000) (1024K)]
  0x0000018beae142f0 WorkerThread "GC Thread#6"                     [id=13392, stack(0x000000624c800000,0x000000624c900000) (1024K)]
  0x0000018beae14690 WorkerThread "GC Thread#7"                     [id=14192, stack(0x000000624c900000,0x000000624ca00000) (1024K)]
  0x0000018b886643c0 ConcurrentGCThread "G1 Main Marker"            [id=18220, stack(0x000000624af00000,0x000000624b000000) (1024K)]
  0x0000018b88665570 WorkerThread "G1 Conc#0"                       [id=17384, stack(0x000000624b000000,0x000000624b100000) (1024K)]
  0x0000018bebf592f0 WorkerThread "G1 Conc#1"                       [id=2332, stack(0x000000624cc00000,0x000000624cd00000) (1024K)]
  0x0000018ba4d57120 ConcurrentGCThread "G1 Refine#0"               [id=24148, stack(0x000000624b100000,0x000000624b200000) (1024K)]
  0x0000018ba4d57940 ConcurrentGCThread "G1 Service"                [id=21244, stack(0x000000624b200000,0x000000624b300000) (1024K)]
Total: 15

Threads with active compile tasks:
C2 CompilerThread0    25427 6162       4       java.util.HashSet::add (20 bytes)
Total: 1

VM state: not at safepoint (normal execution)

VM Mutex/Monitor currently owned by a thread: None

Heap address: 0x0000000083600000, size: 1994 MB, Compressed Oops mode: 32-bit

CDS archive(s) mapped at: [0x0000018ba5000000-0x0000018ba5c90000-0x0000018ba5c90000), size 13172736, SharedBaseAddress: 0x0000018ba5000000, ArchiveRelocationMode: 1.
Compressed class space mapped at: 0x0000018ba6000000-0x0000018be6000000, reserved size: 1073741824
Narrow klass base: 0x0000018ba5000000, Narrow klass shift: 0, Narrow klass range: 0x100000000

GC Precious Log:
 CardTable entry size: 512
 Card Set container configuration: InlinePtr #cards 5 size 8 Array Of Cards #cards 12 size 40 Howl #buckets 4 coarsen threshold 1843 Howl Bitmap #cards 512 size 80 coarsen threshold 460 Card regions per heap region 1 cards per card region 2048
 CPUs: 8 total, 8 available
 Memory: 7975M
 Large Page Support: Disabled
 NUMA Support: Disabled
 Compressed Oops: Enabled (32-bit)
 Heap Region Size: 1M
 Heap Min Capacity: 8M
 Heap Initial Capacity: 126M
 Heap Max Capacity: 1994M
 Pre-touch: Disabled
 Parallel Workers: 8
 Concurrent Workers: 2
 Concurrent Refinement Workers: 8
 Periodic GC: Disabled

Heap:
 garbage-first heap   total 61440K, used 34609K [0x0000000083600000, 0x0000000100000000)
  region size 1024K, 7 young (7168K), 4 survivors (4096K)
 Metaspace       used 71603K, committed 72384K, reserved 1114112K
  class space    used 10050K, committed 10432K, reserved 1048576K

Heap Regions: E=young(eden), S=young(survivor), O=old, HS=humongous(starts), HC=humongous(continues), CS=collection set, F=free, TAMS=top-at-mark-start, PB=parsable bottom
|   0|0x0000000083600000, 0x0000000083700000, 0x0000000083700000|100%|HS|  |TAMS 0x0000000083600000| PB 0x0000000083600000| Complete 
|   1|0x0000000083700000, 0x0000000083800000, 0x0000000083800000|100%| O|  |TAMS 0x0000000083700000| PB 0x0000000083700000| Untracked 
|   2|0x0000000083800000, 0x0000000083900000, 0x0000000083900000|100%| O|  |TAMS 0x0000000083800000| PB 0x0000000083800000| Untracked 
|   3|0x0000000083900000, 0x0000000083a00000, 0x0000000083a00000|100%| O|  |TAMS 0x0000000083900000| PB 0x0000000083900000| Untracked 
|   4|0x0000000083a00000, 0x0000000083b00000, 0x0000000083b00000|100%| O|  |TAMS 0x0000000083a00000| PB 0x0000000083a00000| Untracked 
|   5|0x0000000083b00000, 0x0000000083c00000, 0x0000000083c00000|100%| O|  |TAMS 0x0000000083b00000| PB 0x0000000083b00000| Untracked 
|   6|0x0000000083c00000, 0x0000000083d00000, 0x0000000083d00000|100%| O|  |TAMS 0x0000000083c00000| PB 0x0000000083c00000| Untracked 
|   7|0x0000000083d00000, 0x0000000083e00000, 0x0000000083e00000|100%| O|  |TAMS 0x0000000083d00000| PB 0x0000000083d00000| Untracked 
|   8|0x0000000083e00000, 0x0000000083f00000, 0x0000000083f00000|100%| O|  |TAMS 0x0000000083e00000| PB 0x0000000083e00000| Untracked 
|   9|0x0000000083f00000, 0x0000000084000000, 0x0000000084000000|100%| O|  |TAMS 0x0000000083f00000| PB 0x0000000083f00000| Untracked 
|  10|0x0000000084000000, 0x0000000084100000, 0x0000000084100000|100%| O|  |TAMS 0x0000000084000000| PB 0x0000000084000000| Untracked 
|  11|0x0000000084100000, 0x0000000084200000, 0x0000000084200000|100%| O|  |TAMS 0x0000000084100000| PB 0x0000000084100000| Untracked 
|  12|0x0000000084200000, 0x00000000842cc738, 0x0000000084300000| 79%| O|  |TAMS 0x0000000084200000| PB 0x0000000084200000| Untracked 
|  13|0x0000000084300000, 0x0000000084400000, 0x0000000084400000|100%| O|  |TAMS 0x0000000084300000| PB 0x0000000084300000| Untracked 
|  14|0x0000000084400000, 0x0000000084500000, 0x0000000084500000|100%| O|  |TAMS 0x0000000084400000| PB 0x0000000084400000| Untracked 
|  15|0x0000000084500000, 0x0000000084600000, 0x0000000084600000|100%| O|  |TAMS 0x0000000084500000| PB 0x0000000084500000| Untracked 
|  16|0x0000000084600000, 0x0000000084700000, 0x0000000084700000|100%| O|  |TAMS 0x0000000084600000| PB 0x0000000084600000| Untracked 
|  17|0x0000000084700000, 0x0000000084800000, 0x0000000084800000|100%| O|  |TAMS 0x0000000084700000| PB 0x0000000084700000| Untracked 
|  18|0x0000000084800000, 0x0000000084900000, 0x0000000084900000|100%| O|Cm|TAMS 0x0000000084800000| PB 0x0000000084800000| Complete 
|  19|0x0000000084900000, 0x0000000084a00000, 0x0000000084a00000|100%| O|  |TAMS 0x0000000084900000| PB 0x0000000084900000| Untracked 
|  20|0x0000000084a00000, 0x0000000084b00000, 0x0000000084b00000|100%| O|  |TAMS 0x0000000084a00000| PB 0x0000000084a00000| Untracked 
|  21|0x0000000084b00000, 0x0000000084c00000, 0x0000000084c00000|100%| O|  |TAMS 0x0000000084b00000| PB 0x0000000084b00000| Untracked 
|  22|0x0000000084c00000, 0x0000000084d00000, 0x0000000084d00000|100%| O|  |TAMS 0x0000000084c00000| PB 0x0000000084c00000| Untracked 
|  23|0x0000000084d00000, 0x0000000084e00000, 0x0000000084e00000|100%| O|  |TAMS 0x0000000084d00000| PB 0x0000000084d00000| Untracked 
|  24|0x0000000084e00000, 0x0000000084f00000, 0x0000000084f00000|100%| O|  |TAMS 0x0000000084e00000| PB 0x0000000084e00000| Untracked 
|  25|0x0000000084f00000, 0x0000000085000000, 0x0000000085000000|100%| O|  |TAMS 0x0000000084f00000| PB 0x0000000084f00000| Untracked 
|  26|0x0000000085000000, 0x0000000085000000, 0x0000000085100000|  0%| F|  |TAMS 0x0000000085000000| PB 0x0000000085000000| Untracked 
|  27|0x0000000085100000, 0x0000000085100000, 0x0000000085200000|  0%| F|  |TAMS 0x0000000085100000| PB 0x0000000085100000| Untracked 
|  28|0x0000000085200000, 0x0000000085300000, 0x0000000085300000|100%| O|  |TAMS 0x0000000085200000| PB 0x0000000085200000| Untracked 
|  29|0x0000000085300000, 0x0000000085300000, 0x0000000085400000|  0%| F|  |TAMS 0x0000000085300000| PB 0x0000000085300000| Untracked 
|  30|0x0000000085400000, 0x0000000085500000, 0x0000000085500000|100%| O|  |TAMS 0x0000000085400000| PB 0x0000000085400000| Untracked 
|  31|0x0000000085500000, 0x0000000085600000, 0x0000000085600000|100%| S|CS|TAMS 0x0000000085500000| PB 0x0000000085500000| Complete 
|  32|0x0000000085600000, 0x0000000085700000, 0x0000000085700000|100%| S|CS|TAMS 0x0000000085600000| PB 0x0000000085600000| Complete 
|  33|0x0000000085700000, 0x0000000085700000, 0x0000000085800000|  0%| F|  |TAMS 0x0000000085700000| PB 0x0000000085700000| Untracked 
|  34|0x0000000085800000, 0x0000000085900000, 0x0000000085900000|100%| S|CS|TAMS 0x0000000085800000| PB 0x0000000085800000| Complete 
|  35|0x0000000085900000, 0x0000000085a00000, 0x0000000085a00000|100%| S|CS|TAMS 0x0000000085900000| PB 0x0000000085900000| Complete 
|  36|0x0000000085a00000, 0x0000000085a00000, 0x0000000085b00000|  0%| F|  |TAMS 0x0000000085a00000| PB 0x0000000085a00000| Untracked 
|  37|0x0000000085b00000, 0x0000000085b00000, 0x0000000085c00000|  0%| F|  |TAMS 0x0000000085b00000| PB 0x0000000085b00000| Untracked 
|  38|0x0000000085c00000, 0x0000000085c00000, 0x0000000085d00000|  0%| F|  |TAMS 0x0000000085c00000| PB 0x0000000085c00000| Untracked 
|  39|0x0000000085d00000, 0x0000000085d00000, 0x0000000085e00000|  0%| F|  |TAMS 0x0000000085d00000| PB 0x0000000085d00000| Untracked 
|  40|0x0000000085e00000, 0x0000000085e00000, 0x0000000085f00000|  0%| F|  |TAMS 0x0000000085e00000| PB 0x0000000085e00000| Untracked 
|  41|0x0000000085f00000, 0x0000000085f00000, 0x0000000086000000|  0%| F|  |TAMS 0x0000000085f00000| PB 0x0000000085f00000| Untracked 
|  42|0x0000000086000000, 0x0000000086000000, 0x0000000086100000|  0%| F|  |TAMS 0x0000000086000000| PB 0x0000000086000000| Untracked 
|  43|0x0000000086100000, 0x0000000086100000, 0x0000000086200000|  0%| F|  |TAMS 0x0000000086100000| PB 0x0000000086100000| Untracked 
|  44|0x0000000086200000, 0x0000000086200000, 0x0000000086300000|  0%| F|  |TAMS 0x0000000086200000| PB 0x0000000086200000| Untracked 
|  45|0x0000000086300000, 0x0000000086300000, 0x0000000086400000|  0%| F|  |TAMS 0x0000000086300000| PB 0x0000000086300000| Untracked 
|  46|0x0000000086400000, 0x0000000086400000, 0x0000000086500000|  0%| F|  |TAMS 0x0000000086400000| PB 0x0000000086400000| Untracked 
|  47|0x0000000086500000, 0x0000000086500000, 0x0000000086600000|  0%| F|  |TAMS 0x0000000086500000| PB 0x0000000086500000| Untracked 
|  48|0x0000000086600000, 0x0000000086600000, 0x0000000086700000|  0%| F|  |TAMS 0x0000000086600000| PB 0x0000000086600000| Untracked 
|  49|0x0000000086700000, 0x0000000086700000, 0x0000000086800000|  0%| F|  |TAMS 0x0000000086700000| PB 0x0000000086700000| Untracked 
|  50|0x0000000086800000, 0x0000000086800000, 0x0000000086900000|  0%| F|  |TAMS 0x0000000086800000| PB 0x0000000086800000| Untracked 
|  51|0x0000000086900000, 0x0000000086900000, 0x0000000086a00000|  0%| F|  |TAMS 0x0000000086900000| PB 0x0000000086900000| Untracked 
|  80|0x0000000088600000, 0x0000000088600000, 0x0000000088700000|  0%| F|  |TAMS 0x0000000088600000| PB 0x0000000088600000| Untracked 
|  81|0x0000000088700000, 0x0000000088700000, 0x0000000088800000|  0%| F|  |TAMS 0x0000000088700000| PB 0x0000000088700000| Untracked 
|  82|0x0000000088800000, 0x0000000088800000, 0x0000000088900000|  0%| F|  |TAMS 0x0000000088800000| PB 0x0000000088800000| Untracked 
|  83|0x0000000088900000, 0x0000000088900000, 0x0000000088a00000|  0%| F|  |TAMS 0x0000000088900000| PB 0x0000000088900000| Untracked 
|  84|0x0000000088a00000, 0x0000000088a00000, 0x0000000088b00000|  0%| F|  |TAMS 0x0000000088a00000| PB 0x0000000088a00000| Untracked 
|  85|0x0000000088b00000, 0x0000000088b27c90, 0x0000000088c00000| 15%| E|  |TAMS 0x0000000088b00000| PB 0x0000000088b00000| Complete 
| 124|0x000000008b200000, 0x000000008b300000, 0x000000008b300000|100%| E|CS|TAMS 0x000000008b200000| PB 0x000000008b200000| Complete 
| 125|0x000000008b300000, 0x000000008b400000, 0x000000008b400000|100%| E|CS|TAMS 0x000000008b300000| PB 0x000000008b300000| Complete 

Card table byte_map: [0x0000018ba0170000,0x0000018ba0560000] _byte_map_base: 0x0000018b9fd55000

Marking Bits: (CMBitMap*) 0x0000018b88653710
 Bits: [0x0000018ba0560000, 0x0000018ba2488000)

Polling page: 0x0000018b86590000

Metaspace:

Usage:
  Non-class:     60.11 MB used.
      Class:      9.81 MB used.
       Both:     69.92 MB used.

Virtual space:
  Non-class space:       64.00 MB reserved,      60.50 MB ( 95%) committed,  1 nodes.
      Class space:        1.00 GB reserved,      10.19 MB ( <1%) committed,  1 nodes.
             Both:        1.06 GB reserved,      70.69 MB (  6%) committed. 

Chunk freelists:
   Non-Class:  2.98 MB
       Class:  5.73 MB
        Both:  8.72 MB

MaxMetaspaceSize: unlimited
CompressedClassSpaceSize: 1.00 GB
Initial GC threshold: 21.00 MB
Current GC threshold: 112.94 MB
CDS: on
 - commit_granule_bytes: 65536.
 - commit_granule_words: 8192.
 - virtual_space_node_default_size: 8388608.
 - enlarge_chunks_in_place: 1.
 - use_allocation_guard: 0.


Internal statistics:

num_allocs_failed_limit: 9.
num_arena_births: 1008.
num_arena_deaths: 0.
num_vsnodes_births: 2.
num_vsnodes_deaths: 0.
num_space_committed: 1131.
num_space_uncommitted: 0.
num_chunks_returned_to_freelist: 9.
num_chunks_taken_from_freelist: 3651.
num_chunk_merges: 9.
num_chunk_splits: 2631.
num_chunks_enlarged: 2044.
num_inconsistent_stats: 0.

CodeHeap 'non-profiled nmethods': size=120000Kb used=3608Kb max_used=3608Kb free=116391Kb
 bounds [0x0000018b98510000, 0x0000018b988a0000, 0x0000018b9fa40000]
CodeHeap 'profiled nmethods': size=120000Kb used=9878Kb max_used=9878Kb free=110121Kb
 bounds [0x0000018b90a40000, 0x0000018b913f0000, 0x0000018b97f70000]
CodeHeap 'non-nmethods': size=5760Kb used=1927Kb max_used=1967Kb free=3832Kb
 bounds [0x0000018b97f70000, 0x0000018b981e0000, 0x0000018b98510000]
 total_blobs=5982 nmethods=5252 adapters=631
 compilation: enabled
              stopped_count=0, restarted_count=0
 full_count=0

Compilation events (20 events):
Event: 16.461 Thread 0x0000018ba4edaaf0 nmethod 6153 0x0000018b913e1990 code [0x0000018b913e1b20, 0x0000018b913e1c50]
Event: 17.281 Thread 0x0000018ba4edaaf0 6155       3       java.lang.Long::hashCode (8 bytes)
Event: 17.282 Thread 0x0000018ba4ed9f20 6154       4       java.lang.StringLatin1::toLowerCase (186 bytes)
Event: 17.282 Thread 0x0000018ba4edaaf0 nmethod 6155 0x0000018b912ad210 code [0x0000018b912ad3a0, 0x0000018b912ad498]
Event: 17.282 Thread 0x0000018ba4edaaf0 6156       3       java.io.File::hashCode (8 bytes)
Event: 17.282 Thread 0x0000018ba4edaaf0 nmethod 6156 0x0000018b913e1d10 code [0x0000018b913e1f00, 0x0000018b913e22e0]
Event: 17.282 Thread 0x0000018ba4edaaf0 6157       3       java.io.WinNTFileSystem::hashCode (18 bytes)
Event: 17.283 Thread 0x0000018ba4edaaf0 nmethod 6157 0x0000018b913e2490 code [0x0000018b913e2680, 0x0000018b913e2a00]
Event: 17.291 Thread 0x0000018ba4ed9f20 nmethod 6154 0x0000018b987dca10 code [0x0000018b987dcbe0, 0x0000018b987dd4d0]
Event: 18.901 Thread 0x0000018ba4ed9f20 6158   !   4       java.io.WinNTFileSystem::getBooleanAttributes (27 bytes)
Event: 18.903 Thread 0x0000018ba4ed9f20 nmethod 6158 0x0000018b987dc590 code [0x0000018b987dc740, 0x0000018b987dc890]
Event: 19.924 Thread 0x0000018ba4edaaf0 6159       3       java.io.File::isFile (34 bytes)
Event: 19.924 Thread 0x0000018ba4edaaf0 nmethod 6159 0x0000018b913e2b90 code [0x0000018b913e2d80, 0x0000018b913e3198]
Event: 20.341 Thread 0x0000018ba4edaaf0 6160       3       org.springframework.boot.devtools.filewatch.FileSnapshot::hashCode (49 bytes)
Event: 20.342 Thread 0x0000018ba4edaaf0 nmethod 6160 0x0000018b913e3310 code [0x0000018b913e3520, 0x0000018b913e3910]
Event: 23.418 Thread 0x0000018ba4edaaf0 6161       3       org.springframework.boot.devtools.filewatch.FileSnapshot::equals (110 bytes)
Event: 23.420 Thread 0x0000018ba4edaaf0 nmethod 6161 0x0000018b913e3b10 code [0x0000018b913e3d60, 0x0000018b913e4870]
Event: 24.085 Thread 0x0000018ba4ed9f20 6162       4       java.util.HashSet::add (20 bytes)
Event: 24.088 Thread 0x0000018ba4edaaf0 6163       3       java.io.File::<init> (78 bytes)
Event: 24.088 Thread 0x0000018ba4edaaf0 nmethod 6163 0x0000018b913e4b10 code [0x0000018b913e4ce0, 0x0000018b913e4f68]

GC Heap History (20 events):
Event: 10.132 GC heap before
{Heap before GC invocations=6 (full 0):
 garbage-first heap   total 51200K, used 40768K [0x0000000083600000, 0x0000000100000000)
  region size 1024K, 27 young (27648K), 4 survivors (4096K)
 Metaspace       used 32358K, committed 32832K, reserved 1114112K
  class space    used 4193K, committed 4416K, reserved 1048576K
}
Event: 10.137 GC heap after
{Heap after GC invocations=7 (full 0):
 garbage-first heap   total 51200K, used 19709K [0x0000000083600000, 0x0000000100000000)
  region size 1024K, 3 young (3072K), 3 survivors (3072K)
 Metaspace       used 32358K, committed 32832K, reserved 1114112K
  class space    used 4193K, committed 4416K, reserved 1048576K
}
Event: 10.449 GC heap before
{Heap before GC invocations=7 (full 0):
 garbage-first heap   total 51200K, used 30973K [0x0000000083600000, 0x0000000100000000)
  region size 1024K, 15 young (15360K), 3 survivors (3072K)
 Metaspace       used 35456K, committed 35968K, reserved 1114112K
  class space    used 4618K, committed 4864K, reserved 1048576K
}
Event: 10.451 GC heap after
{Heap after GC invocations=8 (full 0):
 garbage-first heap   total 51200K, used 20388K [0x0000000083600000, 0x0000000100000000)
  region size 1024K, 1 young (1024K), 1 survivors (1024K)
 Metaspace       used 35456K, committed 35968K, reserved 1114112K
  class space    used 4618K, committed 4864K, reserved 1048576K
}
Event: 11.131 GC heap before
{Heap before GC invocations=9 (full 0):
 garbage-first heap   total 51200K, used 41892K [0x0000000083600000, 0x0000000100000000)
  region size 1024K, 23 young (23552K), 1 survivors (1024K)
 Metaspace       used 41994K, committed 42560K, reserved 1114112K
  class space    used 5589K, committed 5824K, reserved 1048576K
}
Event: 11.135 GC heap after
{Heap after GC invocations=10 (full 0):
 garbage-first heap   total 51200K, used 22324K [0x0000000083600000, 0x0000000100000000)
  region size 1024K, 3 young (3072K), 3 survivors (3072K)
 Metaspace       used 41994K, committed 42560K, reserved 1114112K
  class space    used 5589K, committed 5824K, reserved 1048576K
}
Event: 11.559 GC heap before
{Heap before GC invocations=10 (full 0):
 garbage-first heap   total 51200K, used 42804K [0x0000000083600000, 0x0000000100000000)
  region size 1024K, 24 young (24576K), 3 survivors (3072K)
 Metaspace       used 47651K, committed 48256K, reserved 1114112K
  class space    used 6343K, committed 6592K, reserved 1048576K
}
Event: 11.562 GC heap after
{Heap after GC invocations=11 (full 0):
 garbage-first heap   total 51200K, used 23473K [0x0000000083600000, 0x0000000100000000)
  region size 1024K, 2 young (2048K), 2 survivors (2048K)
 Metaspace       used 47651K, committed 48256K, reserved 1114112K
  class space    used 6343K, committed 6592K, reserved 1048576K
}
Event: 13.616 GC heap before
{Heap before GC invocations=11 (full 0):
 garbage-first heap   total 51200K, used 42929K [0x0000000083600000, 0x0000000100000000)
  region size 1024K, 22 young (22528K), 2 survivors (2048K)
 Metaspace       used 54278K, committed 54848K, reserved 1114112K
  class space    used 7394K, committed 7680K, reserved 1048576K
}
Event: 13.618 GC heap after
{Heap after GC invocations=12 (full 0):
 garbage-first heap   total 51200K, used 24244K [0x0000000083600000, 0x0000000100000000)
  region size 1024K, 3 young (3072K), 3 survivors (3072K)
 Metaspace       used 54278K, committed 54848K, reserved 1114112K
  class space    used 7394K, committed 7680K, reserved 1048576K
}
Event: 14.009 GC heap before
{Heap before GC invocations=12 (full 0):
 garbage-first heap   total 51200K, used 41652K [0x0000000083600000, 0x0000000100000000)
  region size 1024K, 21 young (21504K), 3 survivors (3072K)
 Metaspace       used 59476K, committed 60160K, reserved 1114112K
  class space    used 8103K, committed 8448K, reserved 1048576K
}
Event: 14.012 GC heap after
{Heap after GC invocations=13 (full 0):
 garbage-first heap   total 51200K, used 25552K [0x0000000083600000, 0x0000000100000000)
  region size 1024K, 3 young (3072K), 3 survivors (3072K)
 Metaspace       used 59476K, committed 60160K, reserved 1114112K
  class space    used 8103K, committed 8448K, reserved 1048576K
}
Event: 14.352 GC heap before
{Heap before GC invocations=14 (full 0):
 garbage-first heap   total 51200K, used 43984K [0x0000000083600000, 0x0000000100000000)
  region size 1024K, 21 young (21504K), 3 survivors (3072K)
 Metaspace       used 63204K, committed 63872K, reserved 1114112K
  class space    used 8739K, committed 9024K, reserved 1048576K
}
Event: 14.356 GC heap after
{Heap after GC invocations=15 (full 0):
 garbage-first heap   total 51200K, used 27257K [0x0000000083600000, 0x0000000100000000)
  region size 1024K, 3 young (3072K), 3 survivors (3072K)
 Metaspace       used 63204K, committed 63872K, reserved 1114112K
  class space    used 8739K, committed 9024K, reserved 1048576K
}
Event: 14.556 GC heap before
{Heap before GC invocations=15 (full 0):
 garbage-first heap   total 51200K, used 43641K [0x0000000083600000, 0x0000000100000000)
  region size 1024K, 20 young (20480K), 3 survivors (3072K)
 Metaspace       used 65553K, committed 66240K, reserved 1114112K
  class space    used 9159K, committed 9472K, reserved 1048576K
}
Event: 14.561 GC heap after
{Heap after GC invocations=16 (full 0):
 garbage-first heap   total 51200K, used 28679K [0x0000000083600000, 0x0000000100000000)
  region size 1024K, 2 young (2048K), 2 survivors (2048K)
 Metaspace       used 65553K, committed 66240K, reserved 1114112K
  class space    used 9159K, committed 9472K, reserved 1048576K
}
Event: 14.842 GC heap before
{Heap before GC invocations=16 (full 0):
 garbage-first heap   total 51200K, used 45063K [0x0000000083600000, 0x0000000100000000)
  region size 1024K, 18 young (18432K), 2 survivors (2048K)
 Metaspace       used 68526K, committed 69248K, reserved 1114112K
  class space    used 9614K, committed 9920K, reserved 1048576K
}
Event: 14.845 GC heap after
{Heap after GC invocations=17 (full 0):
 garbage-first heap   total 61440K, used 30063K [0x0000000083600000, 0x0000000100000000)
  region size 1024K, 3 young (3072K), 3 survivors (3072K)
 Metaspace       used 68526K, committed 69248K, reserved 1114112K
  class space    used 9614K, committed 9920K, reserved 1048576K
}
Event: 15.267 GC heap before
{Heap before GC invocations=18 (full 0):
 garbage-first heap   total 61440K, used 54639K [0x0000000083600000, 0x0000000100000000)
  region size 1024K, 27 young (27648K), 3 survivors (3072K)
 Metaspace       used 71314K, committed 72000K, reserved 1114112K
  class space    used 10006K, committed 10304K, reserved 1048576K
}
Event: 15.271 GC heap after
{Heap after GC invocations=19 (full 0):
 garbage-first heap   total 61440K, used 32561K [0x0000000083600000, 0x0000000100000000)
  region size 1024K, 4 young (4096K), 4 survivors (4096K)
 Metaspace       used 71314K, committed 72000K, reserved 1114112K
  class space    used 10006K, committed 10304K, reserved 1048576K
}

Dll operation events (14 events):
Event: 0.028 Loaded shared library C:\Program Files\Java\jdk-21\bin\java.dll
Event: 0.069 Loaded shared library C:\Program Files\Java\jdk-21\bin\jsvml.dll
Event: 0.145 Loaded shared library C:\Program Files\Java\jdk-21\bin\zip.dll
Event: 0.155 Loaded shared library C:\Program Files\Java\jdk-21\bin\instrument.dll
Event: 0.164 Loaded shared library C:\Program Files\Java\jdk-21\bin\net.dll
Event: 0.165 Loaded shared library C:\Program Files\Java\jdk-21\bin\nio.dll
Event: 0.171 Loaded shared library C:\Program Files\Java\jdk-21\bin\zip.dll
Event: 1.438 Loaded shared library C:\Program Files\Java\jdk-21\bin\jimage.dll
Event: 7.222 Loaded shared library C:\Program Files\JetBrains\IntelliJ IDEA Community Edition 2022.3.2\bin\breakgen64.dll
Event: 7.234 Loaded shared library C:\Program Files\Java\jdk-21\bin\extnet.dll
Event: 7.470 Loaded shared library C:\Program Files\Java\jdk-21\bin\management.dll
Event: 7.482 Loaded shared library C:\Program Files\Java\jdk-21\bin\management_ext.dll
Event: 8.555 Loaded shared library C:\Program Files\Java\jdk-21\bin\sunmscapi.dll
Event: 10.574 Loaded shared library C:\Program Files\Java\jdk-21\bin\verify.dll

Deoptimization events (20 events):
Event: 15.245 Thread 0x0000018beaa4bae0 Uncommon trap: trap_request=0xffffffde fr.pc=0x0000018b9888a3f8 relative=0x0000000000004678
Event: 15.245 Thread 0x0000018beaa4bae0 Uncommon trap: reason=class_check action=maybe_recompile pc=0x0000018b9888a3f8 method=org.springframework.core.annotation.AnnotationsScanner.processClassInheritedAnnotations(Ljava/lang/Object;Ljava/lang/Class;Lorg/springframework/core/annotation/Annotatio
Event: 15.245 Thread 0x0000018beaa4bae0 DEOPT PACKING pc=0x0000018b9888a3f8 sp=0x000000624c2fe8b0
Event: 15.245 Thread 0x0000018beaa4bae0 DEOPT UNPACKING pc=0x0000018b97fc7da2 sp=0x000000624c2fe770 mode 2
Event: 15.245 Thread 0x0000018beaa4bae0 Uncommon trap: trap_request=0xffffffde fr.pc=0x0000018b9888a3f8 relative=0x0000000000004678
Event: 15.245 Thread 0x0000018beaa4bae0 Uncommon trap: reason=class_check action=maybe_recompile pc=0x0000018b9888a3f8 method=org.springframework.core.annotation.AnnotationsScanner.processClassInheritedAnnotations(Ljava/lang/Object;Ljava/lang/Class;Lorg/springframework/core/annotation/Annotatio
Event: 15.245 Thread 0x0000018beaa4bae0 DEOPT PACKING pc=0x0000018b9888a3f8 sp=0x000000624c2fe8b0
Event: 15.245 Thread 0x0000018beaa4bae0 DEOPT UNPACKING pc=0x0000018b97fc7da2 sp=0x000000624c2fe770 mode 2
Event: 15.245 Thread 0x0000018beaa4bae0 Uncommon trap: trap_request=0xffffffde fr.pc=0x0000018b988793a0 relative=0x00000000000034a0
Event: 15.245 Thread 0x0000018beaa4bae0 Uncommon trap: reason=class_check action=maybe_recompile pc=0x0000018b988793a0 method=org.springframework.core.annotation.AnnotationsScanner.processClassInheritedAnnotations(Ljava/lang/Object;Ljava/lang/Class;Lorg/springframework/core/annotation/Annotatio
Event: 15.245 Thread 0x0000018beaa4bae0 DEOPT PACKING pc=0x0000018b988793a0 sp=0x000000624c2fe840
Event: 15.245 Thread 0x0000018beaa4bae0 DEOPT UNPACKING pc=0x0000018b97fc7da2 sp=0x000000624c2fe760 mode 2
Event: 15.252 Thread 0x0000018beaa4bae0 Uncommon trap: trap_request=0xffffff45 fr.pc=0x0000018b985aa538 relative=0x00000000000000f8
Event: 15.252 Thread 0x0000018beaa4bae0 Uncommon trap: reason=unstable_if action=reinterpret pc=0x0000018b985aa538 method=java.lang.ref.ReferenceQueue.poll()Ljava/lang/ref/Reference; @ 4 c2
Event: 15.252 Thread 0x0000018beaa4bae0 DEOPT PACKING pc=0x0000018b985aa538 sp=0x000000624c2fe9e0
Event: 15.252 Thread 0x0000018beaa4bae0 DEOPT UNPACKING pc=0x0000018b97fc7da2 sp=0x000000624c2fe8a8 mode 2
Event: 15.279 Thread 0x0000018beaa4bae0 Uncommon trap: trap_request=0xffffff45 fr.pc=0x0000018b98589734 relative=0x0000000000000a94
Event: 15.279 Thread 0x0000018beaa4bae0 Uncommon trap: reason=unstable_if action=reinterpret pc=0x0000018b98589734 method=java.lang.Integer.stringSize(I)I @ 19 c2
Event: 15.279 Thread 0x0000018beaa4bae0 DEOPT PACKING pc=0x0000018b98589734 sp=0x000000624c2fdf40
Event: 15.279 Thread 0x0000018beaa4bae0 DEOPT UNPACKING pc=0x0000018b97fc7da2 sp=0x000000624c2fde98 mode 2

Classes loaded (20 events):
Event: 15.299 Loading class java/beans/WeakIdentityMap done
Event: 15.299 Loading class java/beans/ThreadGroupContext$1 done
Event: 15.299 Loading class java/beans/WeakIdentityMap$Entry
Event: 15.300 Loading class java/beans/WeakIdentityMap$Entry done
Event: 15.300 Loading class com/sun/beans/introspect/ClassInfo
Event: 15.300 Loading class com/sun/beans/introspect/ClassInfo done
Event: 15.300 Loading class com/sun/beans/introspect/ClassInfo$1
Event: 15.300 Loading class com/sun/beans/util/Cache
Event: 15.300 Loading class com/sun/beans/util/Cache done
Event: 15.300 Loading class com/sun/beans/introspect/ClassInfo$1 done
Event: 15.300 Loading class com/sun/beans/util/Cache$Kind
Event: 15.300 Loading class com/sun/beans/util/Cache$Kind done
Event: 15.300 Loading class com/sun/beans/util/Cache$Kind$1
Event: 15.301 Loading class com/sun/beans/util/Cache$Kind$1 done
Event: 15.301 Loading class com/sun/beans/util/Cache$Kind$2
Event: 15.301 Loading class com/sun/beans/util/Cache$Kind$2 done
Event: 15.301 Loading class com/sun/beans/util/Cache$Kind$3
Event: 15.301 Loading class com/sun/beans/util/Cache$Kind$3 done
Event: 15.301 Loading class com/sun/beans/util/Cache$CacheEntry
Event: 15.301 Loading class com/sun/beans/util/Cache$CacheEntry done

Classes unloaded (0 events):
No events

Classes redefined (0 events):
No events

Internal exceptions (20 events):
Event: 13.773 Thread 0x0000018beaa4bae0 Exception <a 'java/lang/NoSuchMethodError'{0x0000000085f624d0}: 'java.lang.Object java.lang.invoke.Invokers$Holder.linkToTargetMethod(java.lang.Object, java.lang.Object, java.lang.Object, java.lang.Object, java.lang.Object, java.lang.Object, int, java.lang.Object)'> (0x0000000085f624d0) 
thrown [s\open\src\hotspot\share\interpreter\linkResolver.cpp, line 773]
Event: 13.787 Thread 0x0000018beaa4bae0 Exception <a 'java/lang/NoSuchMethodError'{0x0000000085e48710}: 'java.lang.Object java.lang.invoke.DirectMethodHandle$Holder.newInvokeSpecial(java.lang.Object, java.lang.Object, int, java.lang.Object, int, java.lang.Object, java.lang.Object)'> (0x0000000085e48710) 
thrown [s\open\src\hotspot\share\interpreter\linkResolver.cpp, line 773]
Event: 13.791 Thread 0x0000018beaa4bae0 Exception <a 'java/lang/NoSuchMethodError'{0x0000000085e83330}: 'void java.lang.invoke.DirectMethodHandle$Holder.invokeInterface(java.lang.Object, java.lang.Object)'> (0x0000000085e83330) 
thrown [s\open\src\hotspot\share\interpreter\linkResolver.cpp, line 773]
Event: 13.921 Thread 0x0000018beaa4bae0 Exception <a 'java/lang/NoSuchMethodError'{0x000000008592af78}: 'java.lang.Object java.lang.invoke.DirectMethodHandle$Holder.invokeSpecial(java.lang.Object, java.lang.Object, int, java.lang.Object, int)'> (0x000000008592af78) 
thrown [s\open\src\hotspot\share\interpreter\linkResolver.cpp, line 773]
Event: 13.965 Thread 0x0000018beaa4bae0 Exception <a 'sun/nio/fs/WindowsException'{0x00000000858bf390}> (0x00000000858bf390) 
thrown [s\open\src\hotspot\share\prims\jni.cpp, line 520]
Event: 13.991 Thread 0x0000018beaa4bae0 Implicit null exception at 0x0000018b98804a77 to 0x0000018b98804ce0
Event: 13.999 Thread 0x0000018beaa4bae0 Implicit null exception at 0x0000018b9881b56c to 0x0000018b9881b8a4
Event: 13.999 Thread 0x0000018beaa4bae0 Implicit null exception at 0x0000018b9881b13a to 0x0000018b9881b174
Event: 14.039 Thread 0x0000018beaa4bae0 Exception <a 'java/lang/IncompatibleClassChangeError'{0x000000008b2a2118}: Found class java.lang.Object, but interface was expected> (0x000000008b2a2118) 
thrown [s\open\src\hotspot\share\interpreter\linkResolver.cpp, line 840]
Event: 14.047 Thread 0x0000018beaa4bae0 Exception <a 'java/lang/IncompatibleClassChangeError'{0x0000000088b1ca30}: Found class java.lang.Object, but interface was expected> (0x0000000088b1ca30) 
thrown [s\open\src\hotspot\share\interpreter\linkResolver.cpp, line 840]
Event: 14.075 Thread 0x0000018beaa4bae0 Exception <a 'java/lang/IncompatibleClassChangeError'{0x0000000088a744a0}: Found class java.lang.Object, but interface was expected> (0x0000000088a744a0) 
thrown [s\open\src\hotspot\share\interpreter\linkResolver.cpp, line 840]
Event: 14.194 Thread 0x0000018beaa4bae0 Exception <a 'java/lang/IncompatibleClassChangeError'{0x0000000085e42950}: Found class java.lang.Object, but interface was expected> (0x0000000085e42950) 
thrown [s\open\src\hotspot\share\interpreter\linkResolver.cpp, line 840]
Event: 14.640 Thread 0x0000018beaa4bae0 Exception <a 'java/lang/NoSuchMethodError'{0x0000000088ab9e30}: 'void java.lang.invoke.Invokers$Holder.invokeExact_MT(java.lang.Object, java.lang.Object, java.lang.Object, java.lang.Object)'> (0x0000000088ab9e30) 
thrown [s\open\src\hotspot\share\interpreter\linkResolver.cpp, line 773]
Event: 14.694 Thread 0x0000018beaa4bae0 Exception <a 'java/lang/NoSuchMethodError'{0x0000000088627d28}: 'java.lang.Object java.lang.invoke.DirectMethodHandle$Holder.newInvokeSpecial(java.lang.Object, java.lang.Object, java.lang.Object, java.lang.Object, java.lang.Object, java.lang.Object, java.lang.Object, java.lang.Object)'> (0x0000000088627d28) 
thrown [s\open\src\hotspot\share\interpreter\linkResolver.cpp, line 773]
Event: 14.832 Thread 0x0000018beaa4bae0 Exception <a 'java/lang/NoSuchMethodError'{0x0000000085875000}: 'java.lang.Object java.lang.invoke.DirectMethodHandle$Holder.invokeInterface(java.lang.Object, java.lang.Object, java.lang.Object, java.lang.Object)'> (0x0000000085875000) 
thrown [s\open\src\hotspot\share\interpreter\linkResolver.cpp, line 773]
Event: 15.039 Thread 0x0000018beaa4bae0 Exception <a 'java/lang/IncompatibleClassChangeError'{0x00000000868801c0}: Found class java.lang.Object, but interface was expected> (0x00000000868801c0) 
thrown [s\open\src\hotspot\share\interpreter\linkResolver.cpp, line 840]
Event: 15.121 Thread 0x0000018beaa4bae0 Exception <a 'java/lang/NoSuchMethodError'{0x000000008634f168}: 'int java.lang.invoke.DirectMethodHandle$Holder.invokeStaticInit(java.lang.Object, java.lang.Object, java.lang.Object, java.lang.Object)'> (0x000000008634f168) 
thrown [s\open\src\hotspot\share\interpreter\linkResolver.cpp, line 773]
Event: 15.138 Thread 0x0000018beaa4bae0 Exception <a 'java/lang/IncompatibleClassChangeError'{0x000000008621abb8}: Found class java.lang.Object, but interface was expected> (0x000000008621abb8) 
thrown [s\open\src\hotspot\share\interpreter\linkResolver.cpp, line 840]
Event: 15.146 Thread 0x0000018beaa4bae0 Implicit null exception at 0x0000018b9867a468 to 0x0000018b9867a680
Event: 15.253 Thread 0x0000018beaa4bae0 Exception <a 'java/lang/NoSuchMethodError'{0x0000000085b786a8}: 'java.lang.Object java.lang.invoke.DirectMethodHandle$Holder.newInvokeSpecial(java.lang.Object, java.lang.Object, int, java.lang.Object, java.lang.Object)'> (0x0000000085b786a8) 
thrown [s\open\src\hotspot\share\interpreter\linkResolver.cpp, line 773]

ZGC Phase Switch (0 events):
No events

VM Operations (20 events):
Event: 14.878 Executing VM operation: G1PauseCleanup
Event: 14.878 Executing VM operation: G1PauseCleanup done
Event: 14.906 Executing VM operation: HandshakeAllThreads (Deoptimize)
Event: 14.906 Executing VM operation: HandshakeAllThreads (Deoptimize) done
Event: 14.933 Executing VM operation: HandshakeAllThreads (Deoptimize)
Event: 14.933 Executing VM operation: HandshakeAllThreads (Deoptimize) done
Event: 15.047 Executing VM operation: HandshakeAllThreads (Deoptimize)
Event: 15.047 Executing VM operation: HandshakeAllThreads (Deoptimize) done
Event: 15.085 Executing VM operation: HandshakeAllThreads (Deoptimize)
Event: 15.085 Executing VM operation: HandshakeAllThreads (Deoptimize) done
Event: 15.246 Executing VM operation: ICBufferFull
Event: 15.246 Executing VM operation: ICBufferFull done
Event: 15.252 Executing VM operation: HandshakeAllThreads (Deoptimize)
Event: 15.252 Executing VM operation: HandshakeAllThreads (Deoptimize) done
Event: 15.267 Executing VM operation: G1CollectForAllocation (G1 Evacuation Pause)
Event: 15.271 Executing VM operation: G1CollectForAllocation (G1 Evacuation Pause) done
Event: 16.274 Executing VM operation: Cleanup
Event: 16.274 Executing VM operation: Cleanup done
Event: 17.281 Executing VM operation: Cleanup
Event: 17.281 Executing VM operation: Cleanup done

Events (20 events):
Event: 15.243 Thread 0x0000018bed4678e0 Thread exited: 0x0000018bed4678e0
Event: 15.243 Thread 0x0000018bed469320 Thread added: 0x0000018bed469320
Event: 15.266 Thread 0x0000018bed4678e0 Thread added: 0x0000018bed4678e0
Event: 15.266 Thread 0x0000018bed4699b0 Thread added: 0x0000018bed4699b0
Event: 15.266 Thread 0x0000018beedd7fe0 Thread added: 0x0000018beedd7fe0
Event: 15.266 Thread 0x0000018beeddc180 Thread added: 0x0000018beeddc180
Event: 15.266 Thread 0x0000018beeddcea0 Thread added: 0x0000018beeddcea0
Event: 15.267 Thread 0x0000018beedd7950 Thread added: 0x0000018beedd7950
Event: 15.267 Thread 0x0000018beedd9390 Thread added: 0x0000018beedd9390
Event: 15.267 Thread 0x0000018beedd8670 Thread added: 0x0000018beedd8670
Event: 15.267 Thread 0x0000018beeddb460 Thread added: 0x0000018beeddb460
Event: 15.267 Thread 0x0000018beedd72c0 Thread added: 0x0000018beedd72c0
Event: 15.283 Thread 0x0000018beeddbaf0 Thread added: 0x0000018beeddbaf0
Event: 15.284 Thread 0x0000018beedda740 Thread added: 0x0000018beedda740
Event: 15.299 Thread 0x0000018beaa4bae0 Thread exited: 0x0000018beaa4bae0
Event: 15.301 Thread 0x0000018beab7e7e0 Thread exited: 0x0000018beab7e7e0
Event: 15.302 Thread 0x0000018b885fa040 Thread exited: 0x0000018b885fa040
Event: 15.302 Thread 0x0000018beedd9a20 Thread added: 0x0000018beedd9a20
Event: 16.258 Thread 0x0000018beab55030 Thread exited: 0x0000018beab55030
Event: 16.461 Thread 0x0000018bed468600 Thread exited: 0x0000018bed468600


Dynamic libraries:
0x00007ff718c60000 - 0x00007ff718c70000 	C:\Program Files\Java\jdk-21\bin\java.exe
0x00007ffbc3230000 - 0x00007ffbc3447000 	C:\Windows\SYSTEM32\ntdll.dll
0x00007ffb8d0f0000 - 0x00007ffb8d10a000 	C:\Program Files\Avast Software\Avast\aswhook.dll
0x00007ffbc1b70000 - 0x00007ffbc1c34000 	C:\Windows\System32\KERNEL32.DLL
0x00007ffbc0550000 - 0x00007ffbc0921000 	C:\Windows\System32\KERNELBASE.dll
0x00007ffbc0b80000 - 0x00007ffbc0c91000 	C:\Windows\System32\ucrtbase.dll
0x00007ffbac0b0000 - 0x00007ffbac0c9000 	C:\Program Files\Java\jdk-21\bin\jli.dll
0x00007ffbb5bd0000 - 0x00007ffbb5beb000 	C:\Program Files\Java\jdk-21\bin\VCRUNTIME140.dll
0x00007ffbc12f0000 - 0x00007ffbc13a1000 	C:\Windows\System32\ADVAPI32.dll
0x00007ffbc1ac0000 - 0x00007ffbc1b67000 	C:\Windows\System32\msvcrt.dll
0x00007ffbc2820000 - 0x00007ffbc28c7000 	C:\Windows\System32\sechost.dll
0x00007ffbc0aa0000 - 0x00007ffbc0ac8000 	C:\Windows\System32\bcrypt.dll
0x00007ffbc2a90000 - 0x00007ffbc2ba4000 	C:\Windows\System32\RPCRT4.dll
0x00007ffbc2660000 - 0x00007ffbc2811000 	C:\Windows\System32\USER32.dll
0x00007ffbc0b50000 - 0x00007ffbc0b76000 	C:\Windows\System32\win32u.dll
0x00007ffba77d0000 - 0x00007ffba7a62000 	C:\Windows\WinSxS\amd64_microsoft.windows.common-controls_6595b64144ccf1df_6.0.22621.4830_none_270fe7d773858e80\COMCTL32.dll
0x00007ffbc1c40000 - 0x00007ffbc1c69000 	C:\Windows\System32\GDI32.dll
0x00007ffbc0de0000 - 0x00007ffbc0efb000 	C:\Windows\System32\gdi32full.dll
0x00007ffbc0430000 - 0x00007ffbc04ca000 	C:\Windows\System32\msvcp_win.dll
0x00007ffbbc560000 - 0x00007ffbbc56a000 	C:\Windows\SYSTEM32\VERSION.dll
0x00007ffbc2bb0000 - 0x00007ffbc2be1000 	C:\Windows\System32\IMM32.DLL
0x00007ffbbc220000 - 0x00007ffbbc22c000 	C:\Program Files\Java\jdk-21\bin\vcruntime140_1.dll
0x00007ffb9f000000 - 0x00007ffb9f08e000 	C:\Program Files\Java\jdk-21\bin\msvcp140.dll
0x00007ffb427f0000 - 0x00007ffb43505000 	C:\Program Files\Java\jdk-21\bin\server\jvm.dll
0x00007ffbc13b0000 - 0x00007ffbc1421000 	C:\Windows\System32\WS2_32.dll
0x00007ffbbfbd0000 - 0x00007ffbbfc1d000 	C:\Windows\SYSTEM32\POWRPROF.dll
0x00007ffbb9190000 - 0x00007ffbb91c4000 	C:\Windows\SYSTEM32\WINMM.dll
0x00007ffbbfbb0000 - 0x00007ffbbfbc3000 	C:\Windows\SYSTEM32\UMPDC.dll
0x00007ffbbf380000 - 0x00007ffbbf398000 	C:\Windows\SYSTEM32\kernel.appcore.dll
0x00007ffbbb4a0000 - 0x00007ffbbb4aa000 	C:\Program Files\Java\jdk-21\bin\jimage.dll
0x00007ffbbdcc0000 - 0x00007ffbbdef2000 	C:\Windows\SYSTEM32\DBGHELP.DLL
0x00007ffbc1730000 - 0x00007ffbc1ac0000 	C:\Windows\System32\combase.dll
0x00007ffbc2500000 - 0x00007ffbc25d7000 	C:\Windows\System32\OLEAUT32.dll
0x00007ffbbcd10000 - 0x00007ffbbcd42000 	C:\Windows\SYSTEM32\dbgcore.DLL
0x00007ffbc0ad0000 - 0x00007ffbc0b4b000 	C:\Windows\System32\bcryptPrimitives.dll
0x00007ffb9b850000 - 0x00007ffb9b85f000 	C:\Program Files\Java\jdk-21\bin\instrument.dll
0x00007ffba9cf0000 - 0x00007ffba9d0f000 	C:\Program Files\Java\jdk-21\bin\java.dll
0x00007ffbc1c70000 - 0x00007ffbc24f8000 	C:\Windows\System32\SHELL32.dll
0x00007ffbc0ca0000 - 0x00007ffbc0ddf000 	C:\Windows\System32\wintypes.dll
0x00007ffbbe280000 - 0x00007ffbbeb8d000 	C:\Windows\SYSTEM32\windows.storage.dll
0x00007ffbc11d0000 - 0x00007ffbc12da000 	C:\Windows\System32\SHCORE.dll
0x00007ffbc3190000 - 0x00007ffbc31ee000 	C:\Windows\System32\shlwapi.dll
0x00007ffbc02a0000 - 0x00007ffbc02cb000 	C:\Windows\SYSTEM32\profapi.dll
0x00007ffb82500000 - 0x00007ffb825d7000 	C:\Program Files\Java\jdk-21\bin\jsvml.dll
0x00007ffba7b60000 - 0x00007ffba7b78000 	C:\Program Files\Java\jdk-21\bin\zip.dll
0x00007ffbbb460000 - 0x00007ffbbb470000 	C:\Program Files\Java\jdk-21\bin\net.dll
0x00007ffbb5f80000 - 0x00007ffbb60ac000 	C:\Windows\SYSTEM32\WINHTTP.dll
0x00007ffbbf7e0000 - 0x00007ffbbf84a000 	C:\Windows\system32\mswsock.dll
0x00007ffba8df0000 - 0x00007ffba8e06000 	C:\Program Files\Java\jdk-21\bin\nio.dll
0x00007ffb8e720000 - 0x00007ffb8e73a000 	C:\Program Files\JetBrains\IntelliJ IDEA Community Edition 2022.3.2\bin\breakgen64.dll
0x00007ffbba420000 - 0x00007ffbba427000 	C:\Program Files\Java\jdk-21\bin\extnet.dll
0x00007ffb94750000 - 0x00007ffb9475a000 	C:\Program Files\Java\jdk-21\bin\management.dll
0x00007ffb91fc0000 - 0x00007ffb91fcb000 	C:\Program Files\Java\jdk-21\bin\management_ext.dll
0x00007ffbc3180000 - 0x00007ffbc3188000 	C:\Windows\System32\PSAPI.DLL
0x00007ffb91d00000 - 0x00007ffb91d0e000 	C:\Program Files\Java\jdk-21\bin\sunmscapi.dll
0x00007ffbc0930000 - 0x00007ffbc0a96000 	C:\Windows\System32\CRYPT32.dll
0x00007ffbbfd30000 - 0x00007ffbbfd5d000 	C:\Windows\SYSTEM32\ncrypt.dll
0x00007ffbbfcf0000 - 0x00007ffbbfd27000 	C:\Windows\SYSTEM32\NTASN1.dll
0x00007ffbbfc20000 - 0x00007ffbbfc3b000 	C:\Windows\SYSTEM32\CRYPTSP.dll
0x00007ffbbf2e0000 - 0x00007ffbbf317000 	C:\Windows\system32\rsaenh.dll
0x00007ffbbf880000 - 0x00007ffbbf8a8000 	C:\Windows\SYSTEM32\USERENV.dll
0x00007ffbbfb80000 - 0x00007ffbbfb8c000 	C:\Windows\SYSTEM32\CRYPTBASE.dll
0x00007ffbbedf0000 - 0x00007ffbbee1d000 	C:\Windows\SYSTEM32\IPHLPAPI.DLL
0x00007ffbc12e0000 - 0x00007ffbc12e9000 	C:\Windows\System32\NSI.dll
0x00007ffba8de0000 - 0x00007ffba8df0000 	C:\Program Files\Java\jdk-21\bin\verify.dll
0x00007ffbbee60000 - 0x00007ffbbef62000 	C:\Windows\SYSTEM32\DNSAPI.dll
0x00007ffbbc140000 - 0x00007ffbbc14a000 	C:\Windows\System32\rasadhlp.dll
0x00007ffbb4b50000 - 0x00007ffbb4bd3000 	C:\Windows\System32\fwpuclnt.dll
0x00007ffbbc690000 - 0x00007ffbbc698000 	C:\Windows\system32\wshunix.dll

dbghelp: loaded successfully - version: 4.0.5 - missing functions: none
symbol engine: initialized successfully - sym options: 0x614 - pdb path: .;C:\Program Files\Java\jdk-21\bin;C:\Windows\SYSTEM32;C:\Program Files\Avast Software\Avast;C:\Windows\WinSxS\amd64_microsoft.windows.common-controls_6595b64144ccf1df_6.0.22621.4830_none_270fe7d773858e80;C:\Program Files\Java\jdk-21\bin\server;C:\Program Files\JetBrains\IntelliJ IDEA Community Edition 2022.3.2\bin

VM Arguments:
jvm_args: -javaagent:C:\Program Files\JetBrains\IntelliJ IDEA Community Edition 2022.3.2\lib\idea_rt.jar=53173:C:\Program Files\JetBrains\IntelliJ IDEA Community Edition 2022.3.2\bin -Dfile.encoding=UTF-8 -Dsun.stdout.encoding=UTF-8 -Dsun.stderr.encoding=UTF-8 
java_command: com.pfe.challenge.ChallengeApplication
java_class_path (initial): C:\Users\Lenovo\Desktop\kawther master\challenge\target\classes;C:\Users\Lenovo\.m2\repository\org\springframework\boot\spring-boot-starter-data-jpa\3.3.10\spring-boot-starter-data-jpa-3.3.10.jar;C:\Users\Lenovo\.m2\repository\org\springframework\boot\spring-boot-starter-aop\3.3.10\spring-boot-starter-aop-3.3.10.jar;C:\Users\Lenovo\.m2\repository\org\aspectj\aspectjweaver\1.9.23\aspectjweaver-1.9.23.jar;C:\Users\Lenovo\.m2\repository\org\springframework\boot\spring-boot-starter-jdbc\3.3.10\spring-boot-starter-jdbc-3.3.10.jar;C:\Users\Lenovo\.m2\repository\com\zaxxer\HikariCP\5.1.0\HikariCP-5.1.0.jar;C:\Users\Lenovo\.m2\repository\org\springframework\spring-jdbc\6.1.18\spring-jdbc-6.1.18.jar;C:\Users\Lenovo\.m2\repository\org\hibernate\orm\hibernate-core\6.5.3.Final\hibernate-core-6.5.3.Final.jar;C:\Users\Lenovo\.m2\repository\jakarta\persistence\jakarta.persistence-api\3.1.0\jakarta.persistence-api-3.1.0.jar;C:\Users\Lenovo\.m2\repository\jakarta\transaction\jakarta.transaction-api\2.0.1\jakarta.transaction-api-2.0.1.jar;C:\Users\Lenovo\.m2\repository\org\jboss\logging\jboss-logging\3.5.3.Final\jboss-logging-3.5.3.Final.jar;C:\Users\Lenovo\.m2\repository\org\hibernate\common\hibernate-commons-annotations\6.0.6.Final\hibernate-commons-annotations-6.0.6.Final.jar;C:\Users\Lenovo\.m2\repository\io\smallrye\jandex\3.1.2\jandex-3.1.2.jar;C:\Users\Lenovo\.m2\repository\com\fasterxml\classmate\1.7.0\classmate-1.7.0.jar;C:\Users\Lenovo\.m2\repository\net\bytebuddy\byte-buddy\1.14.19\byte-buddy-1.14.19.jar;C:\Users\Lenovo\.m2\repository\org\glassfish\jaxb\jaxb-runtime\4.0.5\jaxb-runtime-4.0.5.jar;C:\Users\Lenovo\.m2\repository\org\glassfish\jaxb\jaxb-core\4.0.5\jaxb-core-4.0.5.jar;C:\Users\Lenovo\.m2\repository\org\eclipse\angus\angus-activation\2.0.2\angus-activation-2.0.2.jar;C:\Users\Lenovo\.m2\repository\org\glassfish\jaxb\txw2\4.0.5\txw2-4.0.5.jar;C:\Users\Lenovo\.m2\repository\com\sun\istack\istack-commons-runtime\4.1.2\istack-commons-runtime-4.1.2.jar;C:\Users\Lenovo\.m2\repository\jakarta\inject\jakarta.inject-api\2.0.1\jakarta.inject-api-2.0.1.jar;C:\Users\Lenovo\.m2\repository\org\antlr\antlr4-runtime\4.13.0\antlr4-runtime-4.13.0.jar;C:\Users\Lenovo\.m2\repository\org\springframework\data\spring-data-jpa\3.3.10\spring-data-jpa-3.3.10.jar;C:\Users\Lenovo\.m2\repository\org\springframework\data\spring-data-commons\3.3.10\spring-data-commons-3.3.10.jar;C:\Users\Lenovo\.m2\repository\org\springframework\spring-orm\6.1.18\spring-orm-6.1.18.jar;C:\Users\Lenovo\.m2\repository\org\springframework\spring-context\6.1.18\spring-context-6.1.18.jar;C:\Users\Lenovo\.m2\repository\org\springframework\spring-tx\6.1.18\spring-tx-6.1.18.jar;C:\Users\Lenovo\.m2\repository\org\springframework\spring-beans\6.1.18\spring-beans-6.1.18.jar;C:\Users\Lenovo\.m2\repository\jakarta\annotation\jakarta.annotation-api\2.1.1\jakarta.annotation-api-2.1.1.jar;C:\Users\Lenovo\.m2\repository\org\slf4j\slf4j-api\2.0.17\slf4j-api-2.0.17.jar;C:\Users\Lenovo\.m2\repository\org\springframework\spring-aspects\6.1.18\spring-aspects-6.1.18.jar;C:\Users\Lenovo\.m2\repository\org\springframework\boot\spring-boot-starter-web\3.3.10\spring-boot-starter-web-3.3.10.jar;C:\Users\Lenovo\.m2\repository\org\springframework\boot\spring-boot-starter\3.3.10\spring-boot-starter-3.3.10.jar;C:\Users\Lenovo\.m2\repository\org\springframework\boot\spring-boot-starter-logging\3.3.10\spring-boot-starter-logging-3.3.10.jar;C:\Users\Lenovo\.m2\repository\ch\qos\logback\logback-classic\1.5.18\logback-classic-1.5.18.jar;C:\Users\Lenovo\.m2\repository\ch\qos\logback\logback-core\1.5.18\logback-core-1.5.18.jar;C:\Users\Lenovo\.m2\repository\org\apache\logging\log4j\log4j-to-slf4j\2.23.1\log4j-to-slf4j-2.23.1.jar;C:\Users\Lenovo\.m2\repository\org\apache\logging\log4j\log4j-api\2.23.1\log4j-api-2.23.1.jar;C:\Users\Lenovo\.m2\repository\org\slf4j\jul-to-slf4j\2.0.17\jul-to-slf4j-2.0.17.jar;C:\Users\Lenovo\.m2\repository\org\yaml\snakeyaml\2.2\snakeyaml-2.2.jar;C:\Users\Lenovo\.m2\repository\org\springframework\boot\spring-boot-starter-json\3.3.10\spring-boot-starter-json-3.3.10.jar;C:\Users\Lenovo\.m2\repository\com\fasterxml\jackson\datatype\jackson-datatype-jdk8\2.17.3\jackson-datatype-jdk8-2.17.3.jar;C:\Users\Lenovo\.m2\repository\com\fasterxml\jackson\module\jackson-module-parameter-names\2.17.3\jackson-module-parameter-names-2.17.3.jar;C:\Users\Lenovo\.m2\repository\org\springframework\boot\spring-boot-starter-tomcat\3.3.10\spring-boot-starter-tomcat-3.3.10.jar;C:\Users\Lenovo\.m2\repository\org\apache\tomcat\embed\tomcat-embed-core\10.1.39\tomcat-embed-core-10.1.39.jar;C:\Users\Lenovo\.m2\repository\org\apache\tomcat\embed\tomcat-embed-websocket\10.1.39\tomcat-embed-websocket-10.1.39.jar;C:\Users\Lenovo\.m2\repository\org\springframework\spring-web\6.1.18\spring-web-6.1.18.jar;C:\Users\Lenovo\.m2\repository\io\micrometer\micrometer-observation\1.13.12\micrometer-observation-1.13.12.jar;C:\Users\Lenovo\.m2\repository\io\micrometer\micrometer-commons\1.13.12\micrometer-commons-1.13.12.jar;C:\Users\Lenovo\.m2\repository\org\springframework\spring-webmvc\6.1.18\spring-webmvc-6.1.18.jar;C:\Users\Lenovo\.m2\repository\org\springframework\spring-expression\6.1.18\spring-expression-6.1.18.jar;C:\Users\Lenovo\.m2\repository\org\springframework\boot\spring-boot-devtools\3.3.10\spring-boot-devtools-3.3.10.jar;C:\Users\Lenovo\.m2\repository\org\springframework\boot\spring-boot\3.3.10\spring-boot-3.3.10.jar;C:\Users\Lenovo\.m2\repository\org\springframework\boot\spring-boot-autoconfigure\3.3.10\spring-boot-autoconfigure-3.3.10.jar;C:\Users\Lenovo\.m2\repository\com\mysql\mysql-connector-j\8.3.0\mysql-connector-j-8.3.0.jar;C:\Users\Lenovo\.m2\repository\jakarta\xml\bind\jakarta.xml.bind-api\4.0.2\jakarta.xml.bind-api-4.0.2.jar;C:\Users\Lenovo\.m2\repository\jakarta\activation\jakarta.activation-api\2.1.3\jakarta.activation-api-2.1.3.jar;C:\Users\Lenovo\.m2\repository\org\springframework\spring-core\6.1.18\spring-core-6.1.18.jar;C:\Users\Lenovo\.m2\repository\org\springframework\spring-jcl\6.1.18\spring-jcl-6.1.18.jar;C:\Users\Lenovo\.m2\repository\com\fasterxml\jackson\datatype\jackson-datatype-jsr310\2.17.3\jackson-datatype-jsr310-2.17.3.jar;C:\Users\Lenovo\.m2\repository\com\fasterxml\jackson\core\jackson-annotations\2.17.3\jackson-annotations-2.17.3.jar;C:\Users\Lenovo\.m2\repository\com\fasterxml\jackson\core\jackson-core\2.17.3\jackson-core-2.17.3.jar;C:\Users\Lenovo\.m2\repository\com\fasterxml\jackson\core\jackson-databind\2.17.3\jackson-databind-2.17.3.jar;C:\Users\Lenovo\.m2\repository\org\springframework\boot\spring-boot-starter-validation\3.3.10\spring-boot-starter-validation-3.3.10.jar;C:\Users\Lenovo\.m2\repository\org\apache\tomcat\embed\tomcat-embed-el\10.1.39\tomcat-embed-el-10.1.39.jar;C:\Users\Lenovo\.m2\repository\org\hibernate\validator\hibernate-validator\8.0.2.Final\hibernate-validator-8.0.2.Final.jar;C:\Users\Lenovo\.m2\repository\jakarta\validation\jakarta.validation-api\3.0.2\jakarta.validation-api-3.0.2.jar;C:\Users\Lenovo\.m2\repository\org\springframework\boot\spring-boot-starter-security\3.3.10\spring-boot-starter-security-3.3.10.jar;C:\Users\Lenovo\.m2\repository\org\springframework\spring-aop\6.1.18\spring-aop-6.1.18.jar;C:\Users\Lenovo\.m2\repository\org\springframework\security\spring-security-config\6.3.8\spring-security-config-6.3.8.jar;C:\Users\Lenovo\.m2\repository\org\springframework\security\spring-security-core\6.3.8\spring-security-core-6.3.8.jar;C:\Users\Lenovo\.m2\repository\org\springframework\security\spring-security-crypto\6.3.8\spring-security-crypto-6.3.8.jar;C:\Users\Lenovo\.m2\repository\org\springframework\security\spring-security-web\6.3.8\spring-security-web-6.3.8.jar;C:\Users\Lenovo\.m2\repository\io\jsonwebtoken\jjwt-api\0.11.5\jjwt-api-0.11.5.jar;C:\Users\Lenovo\.m2\repository\io\jsonwebtoken\jjwt-impl\0.11.5\jjwt-impl-0.11.5.jar;C:\Users\Lenovo\.m2\repository\io\jsonwebtoken\jjwt-jackson\0.11.5\jjwt-jackson-0.11.5.jar
Launcher Type: SUN_STANDARD

[Global flags]
     intx CICompilerCount                          = 4                                         {product} {ergonomic}
     uint ConcGCThreads                            = 2                                         {product} {ergonomic}
     uint G1ConcRefinementThreads                  = 8                                         {product} {ergonomic}
   size_t G1HeapRegionSize                         = 1048576                                   {product} {ergonomic}
    uintx GCDrainStackTargetSize                   = 64                                        {product} {ergonomic}
   size_t InitialHeapSize                          = 132120576                                 {product} {ergonomic}
   size_t MarkStackSize                            = 4194304                                   {product} {ergonomic}
   size_t MaxHeapSize                              = 2090860544                                {product} {ergonomic}
   size_t MaxNewSize                               = 1254096896                                {product} {ergonomic}
   size_t MinHeapDeltaBytes                        = 1048576                                   {product} {ergonomic}
   size_t MinHeapSize                              = 8388608                                   {product} {ergonomic}
    uintx NonNMethodCodeHeapSize                   = 5839372                                {pd product} {ergonomic}
    uintx NonProfiledCodeHeapSize                  = 122909434                              {pd product} {ergonomic}
    uintx ProfiledCodeHeapSize                     = 122909434                              {pd product} {ergonomic}
    uintx ReservedCodeCacheSize                    = 251658240                              {pd product} {ergonomic}
     bool SegmentedCodeCache                       = true                                      {product} {ergonomic}
   size_t SoftMaxHeapSize                          = 2090860544                             {manageable} {ergonomic}
     bool UseCompressedOops                        = true                           {product lp64_product} {ergonomic}
     bool UseG1GC                                  = true                                      {product} {ergonomic}
     bool UseLargePagesIndividualAllocation        = false                                  {pd product} {ergonomic}

Logging:
Log output configuration:
 #0: stdout all=warning uptime,level,tags foldmultilines=false
 #1: stderr all=off uptime,level,tags foldmultilines=false

Environment Variables:
JAVA_HOME=C:\Program Files\Java\jdk-21
CLASSPATH=C:\Program Files\Apache Software Foundation\Tomcat 10.1\lib\servlet-api.jar
PATH=C:\Program Files\MongoDB\Server\7.0\bin;C:\Program Files\Common Files\Oracle\Java\javapath;C:\Windows\system32;C:\Windows;C:\Windows\System32\Wbem;C:\Windows\System32\WindowsPowerShell\v1.0\;C:\Windows\System32\OpenSSH\;C:\Program Files (x86)\NVIDIA Corporation\PhysX\Common;C:\Program Files\NVIDIA Corporation\NVIDIA NvDLISR;C:\composer;C:\Users\Lenovo\Downloads\symfony-cli_windows_amd64;C:\Program Files\Docker\Docker\resources\bin;C:\Program Files\MongoDB\Tools\100\bin;C:\Program Files\nodejs\;C:\Program Files\Git\cmd;C:\Program Files\Java\jdk-21\bin;C:\Users\Lenovo\AppData\Local\Microsoft\WindowsApps;C:\Users\Lenovo\AppData\Local\Programs\Microsoft VS Code\bin;C:\flutter\bin;C:\xampp\php;C:\Users\Lenovo\AppData\Roaming\Composer\vendor\bin;C:\Program Files\Java\jdk-11\bin;C:\Program Files\JetBrains\IntelliJ IDEA Community Edition 2022.3.2\bin;;C:\Users\Lenovo\Desktop\mingw64\bin;C:\Users\Lenovo\AppData\Local\Programs\mongosh\;C:\Users\Lenovo\AppData\Roaming\npm;C:\xampp\mysql\bin;C:\Users\Lenovo\AppData\Local\Programs\cursor\resources\app\bin
USERNAME=Lenovo
OS=Windows_NT
PROCESSOR_IDENTIFIER=Intel64 Family 6 Model 140 Stepping 1, GenuineIntel
TMP=C:\Users\Lenovo\AppData\Local\Temp
TEMP=C:\Users\Lenovo\AppData\Local\Temp




Periodic native trim disabled

---------------  S Y S T E M  ---------------

OS:
 Windows 11 , 64 bit Build 22621 (10.0.22621.4974)
OS uptime: 1 days 7:12 hours
Hyper-V role detected

CPU: total 8 (initial active 8) (4 cores per cpu, 2 threads per core) family 6 model 140 stepping 1 microcode 0xa4, cx8, cmov, fxsr, ht, mmx, 3dnowpref, sse, sse2, sse3, ssse3, sse4.1, sse4.2, popcnt, lzcnt, tsc, tscinvbit, avx, avx2, aes, erms, clmul, bmi1, bmi2, adx, avx512f, avx512dq, avx512cd, avx512bw, avx512vl, sha, fma, vzeroupper, avx512_vpopcntdq, avx512_vpclmulqdq, avx512_vaes, avx512_vnni, clflush, clflushopt, clwb, avx512_vbmi2, avx512_vbmi, hv, rdtscp, rdpid, fsrm, gfni, avx512_bitalg, f16c, cet_ibt, cet_ss, avx512_ifma
Processor Information for processor 0
  Max Mhz: 2419, Current Mhz: 2419, Mhz Limit: 2419
Processor Information for processor 1
  Max Mhz: 2419, Current Mhz: 2419, Mhz Limit: 2419
Processor Information for processor 2
  Max Mhz: 2419, Current Mhz: 1209, Mhz Limit: 2419
Processor Information for processor 3
  Max Mhz: 2419, Current Mhz: 2419, Mhz Limit: 2419
Processor Information for processor 4
  Max Mhz: 2419, Current Mhz: 1209, Mhz Limit: 2419
Processor Information for processor 5
  Max Mhz: 2419, Current Mhz: 1209, Mhz Limit: 2419
Processor Information for processor 6
  Max Mhz: 2419, Current Mhz: 1209, Mhz Limit: 2419
Processor Information for processor 7
  Max Mhz: 2419, Current Mhz: 2419, Mhz Limit: 2419

Memory: 4k page, system-wide physical 7975M (564M free)
TotalPageFile size 18215M (AvailPageFile size 148M)
current process WorkingSet (physical memory assigned to process): 241M, peak: 284M
current process commit charge ("private bytes"): 288M, peak: 320M

vm_info: Java HotSpot(TM) 64-Bit Server VM (21.0.1+12-LTS-29) for windows-amd64 JRE (21.0.1+12-LTS-29), built on 2023-10-05T13:27:09Z by "mach5one" with MS VC++ 17.1 (VS2022)

END.
