#
# There is insufficient memory for the Java Runtime Environment to continue.
# Native memory allocation (malloc) failed to allocate 1048576 bytes for AllocateHeap
# Possible reasons:
#   The system is out of physical RAM or swap space
#   The process is running with CompressedOops enabled, and the Java Heap may be blocking the growth of the native heap
# Possible solutions:
#   Reduce memory load on the system
#   Increase physical memory or swap space
#   Check if swap backing store is full
#   Decrease Java heap size (-Xmx/-Xms)
#   Decrease number of Java threads
#   Decrease Java thread stack sizes (-Xss)
#   Set larger code cache with -XX:ReservedCodeCacheSize=
#   JVM is running with Unscaled Compressed Oops mode in which the Java heap is
#     placed in the first 4GB address space. The Java Heap base address is the
#     maximum limit for the native heap growth. Please use -XX:HeapBaseMinAddress
#     to set the Java Heap base and to place the Java Heap above 4GB virtual address.
# This output file may be truncated or incomplete.
#
#  Out of Memory Error (allocation.cpp:44), pid=11148, tid=2372
#
# JRE version: Java(TM) SE Runtime Environment (21.0.1+12) (build 21.0.1+12-LTS-29)
# Java VM: Java HotSpot(TM) 64-Bit Server VM (21.0.1+12-LTS-29, mixed mode, sharing, tiered, compressed oops, compressed class ptrs, g1 gc, windows-amd64)
# No core dump will be written. Minidumps are not enabled by default on client versions of Windows
#

---------------  S U M M A R Y ------------

Command Line: -javaagent:C:\Program Files\JetBrains\IntelliJ IDEA Community Edition 2022.3.2\lib\idea_rt.jar=63260:C:\Program Files\JetBrains\IntelliJ IDEA Community Edition 2022.3.2\bin -Dfile.encoding=UTF-8 -Dsun.stdout.encoding=UTF-8 -Dsun.stderr.encoding=UTF-8 com.pfe.challenge.ChallengeApplication

Host: 11th Gen Intel(R) Core(TM) i5-1135G7 @ 2.40GHz, 8 cores, 7G,  Windows 11 , 64 bit Build 26100 (10.0.26100.3912)
Time: Mon Jun  9 23:06:05 2025 Paris, Madrid elapsed time: 306.340824 seconds (0d 0h 5m 6s)

---------------  T H R E A D  ---------------

Current thread (0x000001da79c12640):  VMThread "VM Thread"          [id=2372, stack(0x000000bc21300000,0x000000bc21400000) (1024K)]

Stack: [0x000000bc21300000,0x000000bc21400000]
Native frames: (J=compiled Java code, j=interpreted, Vv=VM code, C=native code)
V  [jvm.dll+0x6c9029]
V  [jvm.dll+0x854b81]
V  [jvm.dll+0x856e5e]
V  [jvm.dll+0x857543]
V  [jvm.dll+0x280c06]
V  [jvm.dll+0xbea87]
V  [jvm.dll+0x3462a2]
V  [jvm.dll+0x340bfe]
V  [jvm.dll+0x328cc8]
V  [jvm.dll+0x36bae4]
V  [jvm.dll+0x85d048]
V  [jvm.dll+0x85e144]
V  [jvm.dll+0x85e680]
V  [jvm.dll+0x85e923]
V  [jvm.dll+0x7fd728]
V  [jvm.dll+0x6c777d]
C  [ucrtbase.dll+0x37b0]
C  [KERNEL32.DLL+0x2e8d7]
C  [ntdll.dll+0x9c5dc]

VM_Operation (0x000000bc20bff3e0): G1CollectFull, mode: safepoint, requested by thread 0x000001da51f774f0


---------------  P R O C E S S  ---------------

Threads class SMR info:
_java_thread_list=0x000001da518a1270, length=15, elements={
0x000001da79c3ac90, 0x000001da79c3b9e0, 0x000001da79c42c50, 0x000001da79c44c40,
0x000001da79c45790, 0x000001da79c48210, 0x000001da79c4c4a0, 0x000001da79c50f60,
0x000001da79bf98c0, 0x000001da7e55c5b0, 0x000001da7e34c8f0, 0x000001da51f767d0,
0x000001da50c2e660, 0x000001da50c33bb0, 0x000001da51f774f0
}

Java Threads: ( => current thread )
  0x000001da79c3ac90 JavaThread "Reference Handler"          daemon [_thread_blocked, id=19224, stack(0x000000bc21400000,0x000000bc21500000) (1024K)]
  0x000001da79c3b9e0 JavaThread "Finalizer"                  daemon [_thread_blocked, id=11548, stack(0x000000bc21500000,0x000000bc21600000) (1024K)]
  0x000001da79c42c50 JavaThread "Signal Dispatcher"          daemon [_thread_blocked, id=18236, stack(0x000000bc21600000,0x000000bc21700000) (1024K)]
  0x000001da79c44c40 JavaThread "Attach Listener"            daemon [_thread_blocked, id=11568, stack(0x000000bc21700000,0x000000bc21800000) (1024K)]
  0x000001da79c45790 JavaThread "Service Thread"             daemon [_thread_blocked, id=19676, stack(0x000000bc21800000,0x000000bc21900000) (1024K)]
  0x000001da79c48210 JavaThread "Monitor Deflation Thread"   daemon [_thread_blocked, id=19672, stack(0x000000bc21900000,0x000000bc21a00000) (1024K)]
  0x000001da79c4c4a0 JavaThread "C2 CompilerThread0"         daemon [_thread_blocked, id=19668, stack(0x000000bc21a00000,0x000000bc21b00000) (1024K)]
  0x000001da79c50f60 JavaThread "C1 CompilerThread0"         daemon [_thread_blocked, id=9536, stack(0x000000bc21b00000,0x000000bc21c00000) (1024K)]
  0x000001da79bf98c0 JavaThread "Common-Cleaner"             daemon [_thread_blocked, id=8760, stack(0x000000bc21c00000,0x000000bc21d00000) (1024K)]
  0x000001da7e55c5b0 JavaThread "Monitor Ctrl-Break"         daemon [_thread_in_native, id=19484, stack(0x000000bc21d00000,0x000000bc21e00000) (1024K)]
  0x000001da7e34c8f0 JavaThread "Notification Thread"        daemon [_thread_blocked, id=7108, stack(0x000000bc21e00000,0x000000bc21f00000) (1024K)]
  0x000001da51f767d0 JavaThread "mysql-cj-abandoned-connection-cleanup" daemon [_thread_blocked, id=10236, stack(0x000000bc22d00000,0x000000bc22e00000) (1024K)]
  0x000001da50c2e660 JavaThread "Live Reload Server"         daemon [_thread_in_native, id=1476, stack(0x000000bc23400000,0x000000bc23500000) (1024K)]
  0x000001da50c33bb0 JavaThread "DestroyJavaVM"                     [_thread_blocked, id=19464, stack(0x000000bc20c00000,0x000000bc20d00000) (1024K)]
  0x000001da51f774f0 JavaThread "Thread-5"                          [_thread_blocked, id=19780, stack(0x000000bc20b00000,0x000000bc20c00000) (1024K)]
Total: 15

Other Threads:
=>0x000001da79c12640 VMThread "VM Thread"                           [id=2372, stack(0x000000bc21300000,0x000000bc21400000) (1024K)]
  0x000001da79bf88e0 WatcherThread "VM Periodic Task Thread"        [id=14868, stack(0x000000bc21200000,0x000000bc21300000) (1024K)]
  0x000001da6c3d2b00 WorkerThread "GC Thread#0"                     [id=5032, stack(0x000000bc20d00000,0x000000bc20e00000) (1024K)]
  0x000001da7ec8aea0 WorkerThread "GC Thread#1"                     [id=20388, stack(0x000000bc22200000,0x000000bc22300000) (1024K)]
  0x000001da7ed7fd20 WorkerThread "GC Thread#2"                     [id=20400, stack(0x000000bc22300000,0x000000bc22400000) (1024K)]
  0x000001da7e9b9810 WorkerThread "GC Thread#3"                     [id=20392, stack(0x000000bc22400000,0x000000bc22500000) (1024K)]
  0x000001da7e9b9bb0 WorkerThread "GC Thread#4"                     [id=18988, stack(0x000000bc22500000,0x000000bc22600000) (1024K)]
  0x000001da7ec93740 WorkerThread "GC Thread#5"                     [id=17700, stack(0x000000bc22600000,0x000000bc22700000) (1024K)]
  0x000001da7f064900 WorkerThread "GC Thread#6"                     [id=14104, stack(0x000000bc22800000,0x000000bc22900000) (1024K)]
  0x000001da7f236d90 WorkerThread "GC Thread#7"                     [id=20276, stack(0x000000bc22900000,0x000000bc22a00000) (1024K)]
  0x000001da6c3e42a0 ConcurrentGCThread "G1 Main Marker"            [id=18400, stack(0x000000bc20e00000,0x000000bc20f00000) (1024K)]
  0x000001da6c3e5540 WorkerThread "G1 Conc#0"                       [id=13528, stack(0x000000bc20f00000,0x000000bc21000000) (1024K)]
  0x000001da7f1573e0 WorkerThread "G1 Conc#1"                       [id=340, stack(0x000000bc22700000,0x000000bc22800000) (1024K)]
  0x000001da79acb530 ConcurrentGCThread "G1 Refine#0"               [id=19480, stack(0x000000bc21000000,0x000000bc21100000) (1024K)]
  0x000001da79acbeb0 ConcurrentGCThread "G1 Service"                [id=19608, stack(0x000000bc21100000,0x000000bc21200000) (1024K)]
Total: 15

Threads with active compile tasks:
C1 CompilerThread0   306415 9213  s    3       org.apache.catalina.util.LifecycleBase::setStateInternal (144 bytes)
Total: 1

VM state: at safepoint (normal execution)

VM Mutex/Monitor currently owned by a thread:  ([mutex/lock_event])
[0x00007ffc5b3da5f8] Threads_lock - owner thread: 0x000001da79c12640
[0x00007ffc5b3da6f8] Heap_lock - owner thread: 0x000001da51f774f0

Heap address: 0x0000000083600000, size: 1994 MB, Compressed Oops mode: 32-bit

CDS archive(s) mapped at: [0x000001da0f000000-0x000001da0fc90000-0x000001da0fc90000), size 13172736, SharedBaseAddress: 0x000001da0f000000, ArchiveRelocationMode: 1.
Compressed class space mapped at: 0x000001da10000000-0x000001da50000000, reserved size: 1073741824
Narrow klass base: 0x000001da0f000000, Narrow klass shift: 0, Narrow klass range: 0x100000000

GC Precious Log:
 CardTable entry size: 512
 Card Set container configuration: InlinePtr #cards 5 size 8 Array Of Cards #cards 12 size 40 Howl #buckets 4 coarsen threshold 1843 Howl Bitmap #cards 512 size 80 coarsen threshold 460 Card regions per heap region 1 cards per card region 2048
 CPUs: 8 total, 8 available
 Memory: 7975M
 Large Page Support: Disabled
 NUMA Support: Disabled
 Compressed Oops: Enabled (32-bit)
 Heap Region Size: 1M
 Heap Min Capacity: 8M
 Heap Initial Capacity: 126M
 Heap Max Capacity: 1994M
 Pre-touch: Disabled
 Parallel Workers: 8
 Concurrent Workers: 2
 Concurrent Refinement Workers: 8
 Periodic GC: Disabled

Heap:
 garbage-first heap   total 86016K, used 72182K [0x0000000083600000, 0x0000000100000000)
  region size 1024K, 34 young (34816K), 3 survivors (3072K)
 Metaspace       used 80795K, committed 81536K, reserved 1179648K
  class space    used 11068K, committed 11392K, reserved 1048576K

Heap Regions: E=young(eden), S=young(survivor), O=old, HS=humongous(starts), HC=humongous(continues), CS=collection set, F=free, TAMS=top-at-mark-start, PB=parsable bottom
|   0|0x0000000083600000, 0x0000000083700000, 0x0000000083700000|100%|HS|  |TAMS 0x0000000083600000| PB 0x0000000083600000| Complete 
|   1|0x0000000083700000, 0x0000000083800000, 0x0000000083800000|100%| O|  |TAMS 0x0000000083700000| PB 0x0000000083700000| Untracked 
|   2|0x0000000083800000, 0x0000000083900000, 0x0000000083900000|100%| O|  |TAMS 0x0000000083800000| PB 0x0000000083800000| Untracked 
|   3|0x0000000083900000, 0x0000000083a00000, 0x0000000083a00000|100%| O|  |TAMS 0x0000000083900000| PB 0x0000000083900000| Untracked 
|   4|0x0000000083a00000, 0x0000000083b00000, 0x0000000083b00000|100%| O|  |TAMS 0x0000000083a00000| PB 0x0000000083a00000| Untracked 
|   5|0x0000000083b00000, 0x0000000083c00000, 0x0000000083c00000|100%| O|  |TAMS 0x0000000083b00000| PB 0x0000000083b00000| Untracked 
|   6|0x0000000083c00000, 0x0000000083d00000, 0x0000000083d00000|100%| O|  |TAMS 0x0000000083c00000| PB 0x0000000083c00000| Untracked 
|   7|0x0000000083d00000, 0x0000000083e00000, 0x0000000083e00000|100%| O|  |TAMS 0x0000000083d00000| PB 0x0000000083d00000| Untracked 
|   8|0x0000000083e00000, 0x0000000083f00000, 0x0000000083f00000|100%| O|  |TAMS 0x0000000083e00000| PB 0x0000000083e00000| Untracked 
|   9|0x0000000083f00000, 0x0000000084000000, 0x0000000084000000|100%| O|  |TAMS 0x0000000083f00000| PB 0x0000000083f00000| Untracked 
|  10|0x0000000084000000, 0x0000000084100000, 0x0000000084100000|100%| O|  |TAMS 0x0000000084000000| PB 0x0000000084000000| Untracked 
|  11|0x0000000084100000, 0x0000000084200000, 0x0000000084200000|100%| O|  |TAMS 0x0000000084100000| PB 0x0000000084100000| Untracked 
|  12|0x0000000084200000, 0x0000000084300000, 0x0000000084300000|100%| O|  |TAMS 0x0000000084200000| PB 0x0000000084200000| Untracked 
|  13|0x0000000084300000, 0x0000000084400000, 0x0000000084400000|100%| O|  |TAMS 0x0000000084300000| PB 0x0000000084300000| Untracked 
|  14|0x0000000084400000, 0x0000000084500000, 0x0000000084500000|100%| O|  |TAMS 0x0000000084400000| PB 0x0000000084400000| Untracked 
|  15|0x0000000084500000, 0x0000000084600000, 0x0000000084600000|100%| O|  |TAMS 0x0000000084500000| PB 0x0000000084500000| Untracked 
|  16|0x0000000084600000, 0x0000000084700000, 0x0000000084700000|100%| O|  |TAMS 0x0000000084600000| PB 0x0000000084600000| Untracked 
|  17|0x0000000084700000, 0x0000000084800000, 0x0000000084800000|100%| O|  |TAMS 0x0000000084700000| PB 0x0000000084700000| Untracked 
|  18|0x0000000084800000, 0x0000000084900000, 0x0000000084900000|100%| O|  |TAMS 0x0000000084800000| PB 0x0000000084800000| Untracked 
|  19|0x0000000084900000, 0x0000000084a00000, 0x0000000084a00000|100%| O|  |TAMS 0x0000000084900000| PB 0x0000000084900000| Untracked 
|  20|0x0000000084a00000, 0x0000000084b00000, 0x0000000084b00000|100%| O|  |TAMS 0x0000000084a00000| PB 0x0000000084a00000| Untracked 
|  21|0x0000000084b00000, 0x0000000084c00000, 0x0000000084c00000|100%| O|  |TAMS 0x0000000084b00000| PB 0x0000000084b00000| Untracked 
|  22|0x0000000084c00000, 0x0000000084d00000, 0x0000000084d00000|100%| O|  |TAMS 0x0000000084c00000| PB 0x0000000084c00000| Untracked 
|  23|0x0000000084d00000, 0x0000000084e00000, 0x0000000084e00000|100%| O|  |TAMS 0x0000000084d00000| PB 0x0000000084d00000| Untracked 
|  24|0x0000000084e00000, 0x0000000084f00000, 0x0000000084f00000|100%| O|  |TAMS 0x0000000084e00000| PB 0x0000000084e00000| Untracked 
|  25|0x0000000084f00000, 0x0000000085000000, 0x0000000085000000|100%| O|  |TAMS 0x0000000084f00000| PB 0x0000000084f00000| Untracked 
|  26|0x0000000085000000, 0x0000000085100000, 0x0000000085100000|100%| O|  |TAMS 0x0000000085000000| PB 0x0000000085000000| Untracked 
|  27|0x0000000085100000, 0x0000000085200000, 0x0000000085200000|100%| O|  |TAMS 0x0000000085100000| PB 0x0000000085100000| Untracked 
|  28|0x0000000085200000, 0x0000000085300000, 0x0000000085300000|100%| O|  |TAMS 0x0000000085200000| PB 0x0000000085200000| Untracked 
|  29|0x0000000085300000, 0x0000000085400000, 0x0000000085400000|100%| O|  |TAMS 0x0000000085300000| PB 0x0000000085300000| Untracked 
|  30|0x0000000085400000, 0x0000000085500000, 0x0000000085500000|100%| O|Cm|TAMS 0x0000000085400000| PB 0x0000000085400000| Complete 
|  31|0x0000000085500000, 0x0000000085600000, 0x0000000085600000|100%| O|  |TAMS 0x0000000085500000| PB 0x0000000085500000| Untracked 
|  32|0x0000000085600000, 0x0000000085700000, 0x0000000085700000|100%| O|  |TAMS 0x0000000085600000| PB 0x0000000085600000| Untracked 
|  33|0x0000000085700000, 0x0000000085800000, 0x0000000085800000|100%| O|  |TAMS 0x0000000085700000| PB 0x0000000085700000| Untracked 
|  34|0x0000000085800000, 0x0000000085900000, 0x0000000085900000|100%| O|  |TAMS 0x0000000085800000| PB 0x0000000085800000| Untracked 
|  35|0x0000000085900000, 0x0000000085a00000, 0x0000000085a00000|100%| O|Cm|TAMS 0x0000000085900000| PB 0x0000000085900000| Complete 
|  36|0x0000000085a00000, 0x0000000085b00000, 0x0000000085b00000|100%| O|  |TAMS 0x0000000085a00000| PB 0x0000000085a00000| Untracked 
|  37|0x0000000085b00000, 0x0000000085c00000, 0x0000000085c00000|100%| O|  |TAMS 0x0000000085b00000| PB 0x0000000085b00000| Untracked 
|  38|0x0000000085c00000, 0x0000000085c11f28, 0x0000000085d00000|  7%| O|  |TAMS 0x0000000085c00000| PB 0x0000000085c00000| Untracked 
|  39|0x0000000085d00000, 0x0000000085d00000, 0x0000000085e00000|  0%| F|  |TAMS 0x0000000085d00000| PB 0x0000000085d00000| Untracked 
|  40|0x0000000085e00000, 0x0000000085e00000, 0x0000000085f00000|  0%| F|  |TAMS 0x0000000085e00000| PB 0x0000000085e00000| Untracked 
|  41|0x0000000085f00000, 0x0000000085f00000, 0x0000000086000000|  0%| F|  |TAMS 0x0000000085f00000| PB 0x0000000085f00000| Untracked 
|  42|0x0000000086000000, 0x0000000086000000, 0x0000000086100000|  0%| F|  |TAMS 0x0000000086000000| PB 0x0000000086000000| Untracked 
|  43|0x0000000086100000, 0x0000000086100000, 0x0000000086200000|  0%| F|  |TAMS 0x0000000086100000| PB 0x0000000086100000| Untracked 
|  44|0x0000000086200000, 0x0000000086200000, 0x0000000086300000|  0%| F|  |TAMS 0x0000000086200000| PB 0x0000000086200000| Untracked 
|  45|0x0000000086300000, 0x0000000086300000, 0x0000000086400000|  0%| F|  |TAMS 0x0000000086300000| PB 0x0000000086300000| Untracked 
|  46|0x0000000086400000, 0x0000000086400000, 0x0000000086500000|  0%| F|  |TAMS 0x0000000086400000| PB 0x0000000086400000| Untracked 
|  47|0x0000000086500000, 0x0000000086500000, 0x0000000086600000|  0%| F|  |TAMS 0x0000000086500000| PB 0x0000000086500000| Untracked 
|  48|0x0000000086600000, 0x0000000086600000, 0x0000000086700000|  0%| F|  |TAMS 0x0000000086600000| PB 0x0000000086600000| Untracked 
|  49|0x0000000086700000, 0x0000000086700000, 0x0000000086800000|  0%| F|  |TAMS 0x0000000086700000| PB 0x0000000086700000| Untracked 
|  50|0x0000000086800000, 0x00000000868e83d8, 0x0000000086900000| 90%| E|  |TAMS 0x0000000086800000| PB 0x0000000086800000| Complete 
|  51|0x0000000086900000, 0x0000000086a00000, 0x0000000086a00000|100%| E|CS|TAMS 0x0000000086900000| PB 0x0000000086900000| Complete 
|  52|0x0000000086a00000, 0x0000000086a6b940, 0x0000000086b00000| 42%| S|CS|TAMS 0x0000000086a00000| PB 0x0000000086a00000| Complete 
|  53|0x0000000086b00000, 0x0000000086c00000, 0x0000000086c00000|100%| S|CS|TAMS 0x0000000086b00000| PB 0x0000000086b00000| Complete 
|  54|0x0000000086c00000, 0x0000000086d00000, 0x0000000086d00000|100%| S|CS|TAMS 0x0000000086c00000| PB 0x0000000086c00000| Complete 
|  55|0x0000000086d00000, 0x0000000086e00000, 0x0000000086e00000|100%| E|CS|TAMS 0x0000000086d00000| PB 0x0000000086d00000| Complete 
|  56|0x0000000086e00000, 0x0000000086f00000, 0x0000000086f00000|100%| E|CS|TAMS 0x0000000086e00000| PB 0x0000000086e00000| Complete 
|  57|0x0000000086f00000, 0x0000000087000000, 0x0000000087000000|100%| E|CS|TAMS 0x0000000086f00000| PB 0x0000000086f00000| Complete 
|  58|0x0000000087000000, 0x0000000087100000, 0x0000000087100000|100%| E|CS|TAMS 0x0000000087000000| PB 0x0000000087000000| Complete 
|  59|0x0000000087100000, 0x0000000087200000, 0x0000000087200000|100%| E|CS|TAMS 0x0000000087100000| PB 0x0000000087100000| Complete 
|  60|0x0000000087200000, 0x0000000087300000, 0x0000000087300000|100%| E|CS|TAMS 0x0000000087200000| PB 0x0000000087200000| Complete 
|  61|0x0000000087300000, 0x0000000087400000, 0x0000000087400000|100%| E|CS|TAMS 0x0000000087300000| PB 0x0000000087300000| Complete 
|  62|0x0000000087400000, 0x0000000087500000, 0x0000000087500000|100%| E|CS|TAMS 0x0000000087400000| PB 0x0000000087400000| Complete 
|  63|0x0000000087500000, 0x0000000087600000, 0x0000000087600000|100%| E|CS|TAMS 0x0000000087500000| PB 0x0000000087500000| Complete 
|  64|0x0000000087600000, 0x0000000087700000, 0x0000000087700000|100%| E|CS|TAMS 0x0000000087600000| PB 0x0000000087600000| Complete 
|  65|0x0000000087700000, 0x0000000087800000, 0x0000000087800000|100%| E|CS|TAMS 0x0000000087700000| PB 0x0000000087700000| Complete 
|  66|0x0000000087800000, 0x0000000087900000, 0x0000000087900000|100%| E|CS|TAMS 0x0000000087800000| PB 0x0000000087800000| Complete 
|  67|0x0000000087900000, 0x0000000087a00000, 0x0000000087a00000|100%| E|CS|TAMS 0x0000000087900000| PB 0x0000000087900000| Complete 
|  68|0x0000000087a00000, 0x0000000087b00000, 0x0000000087b00000|100%| E|CS|TAMS 0x0000000087a00000| PB 0x0000000087a00000| Complete 
|  69|0x0000000087b00000, 0x0000000087c00000, 0x0000000087c00000|100%| E|CS|TAMS 0x0000000087b00000| PB 0x0000000087b00000| Complete 
|  70|0x0000000087c00000, 0x0000000087d00000, 0x0000000087d00000|100%| E|CS|TAMS 0x0000000087c00000| PB 0x0000000087c00000| Complete 
|  71|0x0000000087d00000, 0x0000000087e00000, 0x0000000087e00000|100%| E|CS|TAMS 0x0000000087d00000| PB 0x0000000087d00000| Complete 
|  72|0x0000000087e00000, 0x0000000087f00000, 0x0000000087f00000|100%| E|CS|TAMS 0x0000000087e00000| PB 0x0000000087e00000| Complete 
|  73|0x0000000087f00000, 0x0000000088000000, 0x0000000088000000|100%| E|CS|TAMS 0x0000000087f00000| PB 0x0000000087f00000| Complete 
|  74|0x0000000088000000, 0x0000000088100000, 0x0000000088100000|100%| E|CS|TAMS 0x0000000088000000| PB 0x0000000088000000| Complete 
|  75|0x0000000088100000, 0x0000000088200000, 0x0000000088200000|100%| E|CS|TAMS 0x0000000088100000| PB 0x0000000088100000| Complete 
|  79|0x0000000088500000, 0x0000000088600000, 0x0000000088600000|100%| E|CS|TAMS 0x0000000088500000| PB 0x0000000088500000| Complete 
|  80|0x0000000088600000, 0x0000000088700000, 0x0000000088700000|100%| E|CS|TAMS 0x0000000088600000| PB 0x0000000088600000| Complete 
|  81|0x0000000088700000, 0x0000000088800000, 0x0000000088800000|100%| E|CS|TAMS 0x0000000088700000| PB 0x0000000088700000| Complete 
|  82|0x0000000088800000, 0x0000000088900000, 0x0000000088900000|100%| E|CS|TAMS 0x0000000088800000| PB 0x0000000088800000| Complete 
|  83|0x0000000088900000, 0x0000000088a00000, 0x0000000088a00000|100%| E|CS|TAMS 0x0000000088900000| PB 0x0000000088900000| Complete 
|  84|0x0000000088a00000, 0x0000000088b00000, 0x0000000088b00000|100%| E|CS|TAMS 0x0000000088a00000| PB 0x0000000088a00000| Complete 
|  85|0x0000000088b00000, 0x0000000088c00000, 0x0000000088c00000|100%| E|CS|TAMS 0x0000000088b00000| PB 0x0000000088b00000| Complete 
| 125|0x000000008b300000, 0x000000008b400000, 0x000000008b400000|100%| E|CS|TAMS 0x000000008b300000| PB 0x000000008b300000| Complete 

Card table byte_map: [0x000001da74ee0000,0x000001da752d0000] _byte_map_base: 0x000001da74ac5000

Marking Bits: (CMBitMap*) 0x000001da6c3d3200
 Bits: [0x000001da752d0000, 0x000001da771f8000)

Polling page: 0x000001da6a210000

Metaspace:

Usage:
  Non-class:     68.09 MB used.
      Class:     10.81 MB used.
       Both:     78.90 MB used.

Virtual space:
  Non-class space:      128.00 MB reserved,      68.50 MB ( 54%) committed,  2 nodes.
      Class space:        1.00 GB reserved,      11.12 MB (  1%) committed,  1 nodes.
             Both:        1.12 GB reserved,      79.62 MB (  7%) committed. 

Chunk freelists:
   Non-Class:  11.40 MB
       Class:  4.78 MB
        Both:  16.18 MB

MaxMetaspaceSize: unlimited
CompressedClassSpaceSize: 1.00 GB
Initial GC threshold: 21.00 MB
Current GC threshold: 125.94 MB
CDS: on
 - commit_granule_bytes: 65536.
 - commit_granule_words: 8192.
 - virtual_space_node_default_size: 8388608.
 - enlarge_chunks_in_place: 1.
 - use_allocation_guard: 0.


Internal statistics:

num_allocs_failed_limit: 6.
num_arena_births: 1026.
num_arena_deaths: 2.
num_vsnodes_births: 3.
num_vsnodes_deaths: 0.
num_space_committed: 1274.
num_space_uncommitted: 0.
num_chunks_returned_to_freelist: 9.
num_chunks_taken_from_freelist: 4047.
num_chunk_merges: 6.
num_chunk_splits: 2917.
num_chunks_enlarged: 2261.
num_inconsistent_stats: 0.

CodeHeap 'non-profiled nmethods': size=120000Kb used=4841Kb max_used=5238Kb free=115158Kb
 bounds [0x000001da07ad0000, 0x000001da07ff0000, 0x000001da0f000000]
CodeHeap 'profiled nmethods': size=120000Kb used=14916Kb max_used=14916Kb free=105083Kb
 bounds [0x000001da00000000, 0x000001da00ea0000, 0x000001da07530000]
CodeHeap 'non-nmethods': size=5760Kb used=1948Kb max_used=1978Kb free=3811Kb
 bounds [0x000001da07530000, 0x000001da077a0000, 0x000001da07ad0000]
 total_blobs=8658 nmethods=7905 adapters=656
 compilation: enabled
              stopped_count=0, restarted_count=0
 full_count=0

Compilation events (20 events):
Event: 305.259 Thread 0x000001da79c50f60 nmethod 9205 0x000001da00e8e490 code [0x000001da00e8e660, 0x000001da00e8ea70]
Event: 305.259 Thread 0x000001da79c50f60 9206       3       java.util.regex.CharPredicates::lambda$ASCII_SPACE$20 (20 bytes)
Event: 305.259 Thread 0x000001da79c50f60 nmethod 9206 0x000001da00e8ec10 code [0x000001da00e8ede0, 0x000001da00e8f168]
Event: 305.260 Thread 0x000001da79c50f60 9207       3       java.util.regex.ASCII::isSpace (8 bytes)
Event: 305.260 Thread 0x000001da79c50f60 nmethod 9207 0x000001da00e8f290 code [0x000001da00e8f440, 0x000001da00e8f6d0]
Event: 305.260 Thread 0x000001da79c50f60 9208       3       java.util.stream.AbstractPipeline::sourceStageSpliterator (112 bytes)
Event: 305.260 Thread 0x000001da79c50f60 nmethod 9208 0x000001da00e8f810 code [0x000001da00e8fa20, 0x000001da00e900f8]
Event: 305.278 Thread 0x000001da79c50f60 9209       3       java.util.concurrent.ConcurrentHashMap$EntryIterator::<init> (12 bytes)
Event: 305.278 Thread 0x000001da79c50f60 nmethod 9209 0x000001da00e90310 code [0x000001da00e904c0, 0x000001da00e905f8]
Event: 305.294 Thread 0x000001da79c50f60 9210       3       java.lang.Module::getLayer (43 bytes)
Event: 305.295 Thread 0x000001da79c50f60 nmethod 9210 0x000001da00e90690 code [0x000001da00e90860, 0x000001da00e90c30]
Event: 305.296 Thread 0x000001da79c4c4a0 nmethod 9203% 0x000001da07d44910 code [0x000001da07d44c00, 0x000001da07d462e8]
Event: 305.296 Thread 0x000001da79c4c4a0 9204       4       java.util.regex.Pattern$BmpCharPropertyGreedy::match (89 bytes)
Event: 305.299 Thread 0x000001da79c4c4a0 nmethod 9204 0x000001da07d35110 code [0x000001da07d352c0, 0x000001da07d35658]
Event: 305.320 Thread 0x000001da79c50f60 9211       3       java.util.concurrent.CopyOnWriteArrayList::indexOfRange (63 bytes)
Event: 305.320 Thread 0x000001da79c50f60 nmethod 9211 0x000001da00e90d90 code [0x000001da00e90f80, 0x000001da00e91420]
Event: 305.321 Thread 0x000001da79c50f60 9212       3       org.apache.juli.logging.DirectJDKLog::isDebugEnabled (11 bytes)
Event: 305.321 Thread 0x000001da79c50f60 nmethod 9212 0x000001da00e91610 code [0x000001da00e917c0, 0x000001da00e91a70]
Event: 305.321 Thread 0x000001da79c50f60 9213  s    3       org.apache.catalina.util.LifecycleBase::setStateInternal (144 bytes)
Event: 305.322 Thread 0x000001da79c50f60 nmethod 9213 0x000001da00e91b90 code [0x000001da00e91e40, 0x000001da00e92da8]

GC Heap History (20 events):
Event: 5.892 GC heap after
{Heap after GC invocations=15 (full 0):
 garbage-first heap   total 52224K, used 26701K [0x0000000083600000, 0x0000000100000000)
  region size 1024K, 2 young (2048K), 2 survivors (2048K)
 Metaspace       used 55259K, committed 55808K, reserved 1114112K
  class space    used 7491K, committed 7744K, reserved 1048576K
}
Event: 6.043 GC heap before
{Heap before GC invocations=15 (full 0):
 garbage-first heap   total 52224K, used 45133K [0x0000000083600000, 0x0000000100000000)
  region size 1024K, 20 young (20480K), 2 survivors (2048K)
 Metaspace       used 55662K, committed 56256K, reserved 1114112K
  class space    used 7526K, committed 7808K, reserved 1048576K
}
Event: 6.045 GC heap after
{Heap after GC invocations=16 (full 0):
 garbage-first heap   total 52224K, used 26537K [0x0000000083600000, 0x0000000100000000)
  region size 1024K, 2 young (2048K), 2 survivors (2048K)
 Metaspace       used 55662K, committed 56256K, reserved 1114112K
  class space    used 7526K, committed 7808K, reserved 1048576K
}
Event: 6.751 GC heap before
{Heap before GC invocations=16 (full 0):
 garbage-first heap   total 52224K, used 44969K [0x0000000083600000, 0x0000000100000000)
  region size 1024K, 20 young (20480K), 2 survivors (2048K)
 Metaspace       used 60328K, committed 60992K, reserved 1114112K
  class space    used 8167K, committed 8448K, reserved 1048576K
}
Event: 6.754 GC heap after
{Heap after GC invocations=17 (full 0):
 garbage-first heap   total 63488K, used 27883K [0x0000000083600000, 0x0000000100000000)
  region size 1024K, 3 young (3072K), 3 survivors (3072K)
 Metaspace       used 60328K, committed 60992K, reserved 1114112K
  class space    used 8167K, committed 8448K, reserved 1048576K
}
Event: 7.454 GC heap before
{Heap before GC invocations=18 (full 0):
 garbage-first heap   total 63488K, used 54507K [0x0000000083600000, 0x0000000100000000)
  region size 1024K, 30 young (30720K), 3 survivors (3072K)
 Metaspace       used 64853K, committed 65472K, reserved 1114112K
  class space    used 8846K, committed 9088K, reserved 1048576K
}
Event: 7.461 GC heap after
{Heap after GC invocations=19 (full 0):
 garbage-first heap   total 63488K, used 30974K [0x0000000083600000, 0x0000000100000000)
  region size 1024K, 4 young (4096K), 4 survivors (4096K)
 Metaspace       used 64853K, committed 65472K, reserved 1114112K
  class space    used 8846K, committed 9088K, reserved 1048576K
}
Event: 7.925 GC heap before
{Heap before GC invocations=19 (full 0):
 garbage-first heap   total 63488K, used 53502K [0x0000000083600000, 0x0000000100000000)
  region size 1024K, 27 young (27648K), 4 survivors (4096K)
 Metaspace       used 68765K, committed 69440K, reserved 1114112K
  class space    used 9497K, committed 9792K, reserved 1048576K
}
Event: 7.932 GC heap after
{Heap after GC invocations=20 (full 0):
 garbage-first heap   total 63488K, used 33032K [0x0000000083600000, 0x0000000100000000)
  region size 1024K, 3 young (3072K), 3 survivors (3072K)
 Metaspace       used 68765K, committed 69440K, reserved 1114112K
  class space    used 9497K, committed 9792K, reserved 1048576K
}
Event: 8.250 GC heap before
{Heap before GC invocations=20 (full 0):
 garbage-first heap   total 63488K, used 55560K [0x0000000083600000, 0x0000000100000000)
  region size 1024K, 25 young (25600K), 3 survivors (3072K)
 Metaspace       used 69943K, committed 70592K, reserved 1114112K
  class space    used 9621K, committed 9920K, reserved 1048576K
}
Event: 8.253 GC heap after
{Heap after GC invocations=21 (full 0):
 garbage-first heap   total 63488K, used 34816K [0x0000000083600000, 0x0000000100000000)
  region size 1024K, 4 young (4096K), 4 survivors (4096K)
 Metaspace       used 69943K, committed 70592K, reserved 1114112K
  class space    used 9621K, committed 9920K, reserved 1048576K
}
Event: 8.688 GC heap before
{Heap before GC invocations=22 (full 0):
 garbage-first heap   total 63488K, used 55296K [0x0000000083600000, 0x0000000100000000)
  region size 1024K, 24 young (24576K), 4 survivors (4096K)
 Metaspace       used 72041K, committed 72768K, reserved 1114112K
  class space    used 9926K, committed 10240K, reserved 1048576K
}
Event: 8.693 GC heap after
{Heap after GC invocations=23 (full 0):
 garbage-first heap   total 63488K, used 37259K [0x0000000083600000, 0x0000000100000000)
  region size 1024K, 3 young (3072K), 3 survivors (3072K)
 Metaspace       used 72041K, committed 72768K, reserved 1114112K
  class space    used 9926K, committed 10240K, reserved 1048576K
}
Event: 9.126 GC heap before
{Heap before GC invocations=23 (full 0):
 garbage-first heap   total 63488K, used 55691K [0x0000000083600000, 0x0000000100000000)
  region size 1024K, 21 young (21504K), 3 survivors (3072K)
 Metaspace       used 74092K, committed 74816K, reserved 1114112K
  class space    used 10185K, committed 10496K, reserved 1048576K
}
Event: 9.130 GC heap after
{Heap after GC invocations=24 (full 0):
 garbage-first heap   total 63488K, used 39101K [0x0000000083600000, 0x0000000100000000)
  region size 1024K, 3 young (3072K), 3 survivors (3072K)
 Metaspace       used 74092K, committed 74816K, reserved 1114112K
  class space    used 10185K, committed 10496K, reserved 1048576K
}
Event: 15.379 GC heap before
{Heap before GC invocations=24 (full 0):
 garbage-first heap   total 63488K, used 54461K [0x0000000083600000, 0x0000000100000000)
  region size 1024K, 19 young (19456K), 3 survivors (3072K)
 Metaspace       used 76286K, committed 76992K, reserved 1179648K
  class space    used 10484K, committed 10816K, reserved 1048576K
}
Event: 15.384 GC heap after
{Heap after GC invocations=25 (full 0):
 garbage-first heap   total 63488K, used 40690K [0x0000000083600000, 0x0000000100000000)
  region size 1024K, 2 young (2048K), 2 survivors (2048K)
 Metaspace       used 76286K, committed 76992K, reserved 1179648K
  class space    used 10484K, committed 10816K, reserved 1048576K
}
Event: 23.729 GC heap before
{Heap before GC invocations=26 (full 0):
 garbage-first heap   total 71680K, used 55026K [0x0000000083600000, 0x0000000100000000)
  region size 1024K, 17 young (17408K), 2 survivors (2048K)
 Metaspace       used 80539K, committed 81280K, reserved 1179648K
  class space    used 11040K, committed 11392K, reserved 1048576K
}
Event: 23.737 GC heap after
{Heap after GC invocations=27 (full 0):
 garbage-first heap   total 86016K, used 41462K [0x0000000083600000, 0x0000000100000000)
  region size 1024K, 3 young (3072K), 3 survivors (3072K)
 Metaspace       used 80539K, committed 81280K, reserved 1179648K
  class space    used 11040K, committed 11392K, reserved 1048576K
}
Event: 305.323 GC heap before
{Heap before GC invocations=27 (full 0):
 garbage-first heap   total 86016K, used 72182K [0x0000000083600000, 0x0000000100000000)
  region size 1024K, 34 young (34816K), 3 survivors (3072K)
 Metaspace       used 80795K, committed 81536K, reserved 1179648K
  class space    used 11068K, committed 11392K, reserved 1048576K
}

Dll operation events (14 events):
Event: 0.012 Loaded shared library C:\Program Files\Java\jdk-21\bin\java.dll
Event: 0.042 Loaded shared library C:\Program Files\Java\jdk-21\bin\jsvml.dll
Event: 0.116 Loaded shared library C:\Program Files\Java\jdk-21\bin\zip.dll
Event: 0.121 Loaded shared library C:\Program Files\Java\jdk-21\bin\instrument.dll
Event: 0.127 Loaded shared library C:\Program Files\Java\jdk-21\bin\net.dll
Event: 0.129 Loaded shared library C:\Program Files\Java\jdk-21\bin\nio.dll
Event: 0.131 Loaded shared library C:\Program Files\Java\jdk-21\bin\zip.dll
Event: 0.739 Loaded shared library C:\Program Files\JetBrains\IntelliJ IDEA Community Edition 2022.3.2\bin\breakgen64.dll
Event: 0.749 Loaded shared library C:\Program Files\Java\jdk-21\bin\extnet.dll
Event: 0.774 Loaded shared library C:\Program Files\Java\jdk-21\bin\jimage.dll
Event: 0.997 Loaded shared library C:\Program Files\Java\jdk-21\bin\management.dll
Event: 1.001 Loaded shared library C:\Program Files\Java\jdk-21\bin\management_ext.dll
Event: 2.091 Loaded shared library C:\Program Files\Java\jdk-21\bin\sunmscapi.dll
Event: 4.295 Loaded shared library C:\Program Files\Java\jdk-21\bin\verify.dll

Deoptimization events (20 events):
Event: 301.552 Thread 0x000001da50c2dfd0 Uncommon trap: trap_request=0xffffff45 fr.pc=0x000001da07d36f30 relative=0x0000000000000790
Event: 301.552 Thread 0x000001da50c2dfd0 Uncommon trap: reason=unstable_if action=reinterpret pc=0x000001da07d36f30 method=java.io.File.normalizedList()[Ljava/lang/String; @ 34 c2
Event: 301.552 Thread 0x000001da50c2dfd0 DEOPT PACKING pc=0x000001da07d36f30 sp=0x000000bc232ff070
Event: 301.553 Thread 0x000001da50c2dfd0 DEOPT UNPACKING pc=0x000001da07587da2 sp=0x000000bc232fefd0 mode 2
Event: 301.969 Thread 0x000001da50c2dfd0 Uncommon trap: trap_request=0xffffffc6 fr.pc=0x000001da07e737d0 relative=0x0000000000000db0
Event: 301.970 Thread 0x000001da50c2dfd0 Uncommon trap: reason=bimorphic_or_optimized_type_check action=maybe_recompile pc=0x000001da07e737d0 method=java.util.AbstractCollection.containsAll(Ljava/util/Collection;)Z @ 25 c2
Event: 301.970 Thread 0x000001da50c2dfd0 DEOPT PACKING pc=0x000001da07e737d0 sp=0x000000bc232ff330
Event: 301.970 Thread 0x000001da50c2dfd0 DEOPT UNPACKING pc=0x000001da07587da2 sp=0x000000bc232ff2e8 mode 2
Event: 302.276 Thread 0x000001da51f774f0 Uncommon trap: trap_request=0xffffffc6 fr.pc=0x000001da07f60350 relative=0x0000000000003070
Event: 302.276 Thread 0x000001da51f774f0 Uncommon trap: reason=bimorphic_or_optimized_type_check action=maybe_recompile pc=0x000001da07f60350 method=org.springframework.beans.factory.support.AbstractBeanFactory.isSingleton(Ljava/lang/String;)Z @ 39 c2
Event: 302.276 Thread 0x000001da51f774f0 DEOPT PACKING pc=0x000001da07f60350 sp=0x000000bc20bff130
Event: 302.277 Thread 0x000001da51f774f0 DEOPT UNPACKING pc=0x000001da07587da2 sp=0x000000bc20bff010 mode 2
Event: 303.039 Thread 0x000001da50c2d940 Uncommon trap: trap_request=0xffffff45 fr.pc=0x000001da07ecd1f8 relative=0x0000000000000058
Event: 303.039 Thread 0x000001da50c2d940 Uncommon trap: reason=unstable_if action=reinterpret pc=0x000001da07ecd1f8 method=java.lang.Thread.getAndClearInterrupt()Z @ 6 c2
Event: 303.039 Thread 0x000001da50c2d940 DEOPT PACKING pc=0x000001da07ecd1f8 sp=0x000000bc238fedc0
Event: 303.039 Thread 0x000001da50c2d940 DEOPT UNPACKING pc=0x000001da07587da2 sp=0x000000bc238fecf8 mode 2
Event: 303.039 Thread 0x000001da50c32e90 Uncommon trap: trap_request=0xffffff45 fr.pc=0x000001da07ecd1f8 relative=0x0000000000000058
Event: 303.039 Thread 0x000001da50c32e90 Uncommon trap: reason=unstable_if action=reinterpret pc=0x000001da07ecd1f8 method=java.lang.Thread.getAndClearInterrupt()Z @ 6 c2
Event: 303.039 Thread 0x000001da50c32e90 DEOPT PACKING pc=0x000001da07ecd1f8 sp=0x000000bc239fef70
Event: 303.040 Thread 0x000001da50c32e90 DEOPT UNPACKING pc=0x000001da07587da2 sp=0x000000bc239feea8 mode 2

Classes loaded (20 events):
Event: 302.386 Loading class java/util/concurrent/locks/AbstractQueuedSynchronizer$SharedNode
Event: 302.390 Loading class java/util/concurrent/locks/AbstractQueuedSynchronizer$SharedNode done
Event: 303.045 Loading class java/nio/channels/AsynchronousCloseException
Event: 303.048 Loading class java/nio/channels/AsynchronousCloseException done
Event: 305.226 Loading class java/security/InvalidKeyException
Event: 305.228 Loading class java/security/KeyException
Event: 305.229 Loading class java/security/KeyException done
Event: 305.229 Loading class java/security/InvalidKeyException done
Event: 305.230 Loading class java/security/SignatureException
Event: 305.230 Loading class java/security/SignatureException done
Event: 305.231 Loading class javax/crypto/NoSuchPaddingException
Event: 305.232 Loading class javax/crypto/NoSuchPaddingException done
Event: 305.232 Loading class javax/crypto/IllegalBlockSizeException
Event: 305.233 Loading class javax/crypto/IllegalBlockSizeException done
Event: 305.233 Loading class javax/crypto/BadPaddingException
Event: 305.234 Loading class javax/crypto/BadPaddingException done
Event: 305.234 Loading class java/security/spec/InvalidKeySpecException
Event: 305.235 Loading class java/security/spec/InvalidKeySpecException done
Event: 305.238 Loading class javax/net/ssl/SSLSocket
Event: 305.244 Loading class javax/net/ssl/SSLSocket done

Classes unloaded (1 events):
Event: 15.409 Thread 0x000001da79c12640 Unloading class 0x000001da109e0000 'jdk/internal/reflect/GeneratedSerializationConstructorAccessor1'

Classes redefined (0 events):
No events

Internal exceptions (20 events):
Event: 7.145 Thread 0x000001da7ed73410 Exception <a 'java/lang/IncompatibleClassChangeError'{0x0000000086440178}: Found class java.lang.Object, but interface was expected> (0x0000000086440178) 
thrown [s\open\src\hotspot\share\interpreter\linkResolver.cpp, line 840]
Event: 7.176 Thread 0x000001da7ed73410 Exception <a 'java/lang/NoSuchMethodError'{0x00000000863f3178}: 'void java.lang.invoke.Invokers$Holder.invokeExact_MT(java.lang.Object, java.lang.Object, java.lang.Object, java.lang.Object)'> (0x00000000863f3178) 
thrown [s\open\src\hotspot\share\interpreter\linkResolver.cpp, line 773]
Event: 7.876 Thread 0x000001da7ed73410 Exception <a 'sun/nio/fs/WindowsException'{0x0000000085f5c680}> (0x0000000085f5c680) 
thrown [s\open\src\hotspot\share\prims\jni.cpp, line 520]
Event: 8.021 Thread 0x000001da7ed73410 Exception <a 'java/lang/IncompatibleClassChangeError'{0x000000008855cbe8}: Found class java.lang.Object, but interface was expected> (0x000000008855cbe8) 
thrown [s\open\src\hotspot\share\interpreter\linkResolver.cpp, line 840]
Event: 8.421 Thread 0x000001da7ed73410 Exception <a 'java/lang/NoSuchMethodError'{0x0000000086aeaf48}: 'java.lang.Object java.lang.invoke.DirectMethodHandle$Holder.newInvokeSpecial(java.lang.Object, java.lang.Object, java.lang.Object, java.lang.Object, java.lang.Object, java.lang.Object, java.lang.Object, java.lang.Object)'> (0x0000000086aeaf48) 
thrown [s\open\src\hotspot\share\interpreter\linkResolver.cpp, line 773]
Event: 8.627 Thread 0x000001da7ed73410 Exception <a 'java/lang/NoSuchMethodError'{0x00000000861577e0}: 'java.lang.Object java.lang.invoke.DirectMethodHandle$Holder.invokeInterface(java.lang.Object, java.lang.Object, java.lang.Object, java.lang.Object)'> (0x00000000861577e0) 
thrown [s\open\src\hotspot\share\interpreter\linkResolver.cpp, line 773]
Event: 8.946 Thread 0x000001da7ed73410 Exception <a 'java/lang/IncompatibleClassChangeError'{0x0000000086870c70}: Found class java.lang.Object, but interface was expected> (0x0000000086870c70) 
thrown [s\open\src\hotspot\share\interpreter\linkResolver.cpp, line 840]
Event: 9.082 Thread 0x000001da7ed73410 Exception <a 'java/lang/NoSuchMethodError'{0x0000000086367430}: 'int java.lang.invoke.DirectMethodHandle$Holder.invokeStaticInit(java.lang.Object, java.lang.Object, java.lang.Object, java.lang.Object)'> (0x0000000086367430) 
thrown [s\open\src\hotspot\share\interpreter\linkResolver.cpp, line 773]
Event: 9.106 Thread 0x000001da7ed73410 Exception <a 'java/lang/IncompatibleClassChangeError'{0x0000000086231d08}: Found class java.lang.Object, but interface was expected> (0x0000000086231d08) 
thrown [s\open\src\hotspot\share\interpreter\linkResolver.cpp, line 840]
Event: 9.292 Thread 0x000001da7ed73410 Exception <a 'java/lang/NoSuchMethodError'{0x0000000086a7dbd8}: 'java.lang.Object java.lang.invoke.DirectMethodHandle$Holder.newInvokeSpecial(java.lang.Object, java.lang.Object, int, java.lang.Object, java.lang.Object)'> (0x0000000086a7dbd8) 
thrown [s\open\src\hotspot\share\interpreter\linkResolver.cpp, line 773]
Event: 15.314 Thread 0x000001da50c2fa10 Exception <a 'java/lang/NoSuchMethodError'{0x00000000865012c0}: 'java.lang.Object java.lang.invoke.DirectMethodHandle$Holder.invokeSpecial(java.lang.Object, java.lang.Object, java.lang.Object, java.lang.Object, java.lang.Object, long)'> (0x00000000865012c0) 
thrown [s\open\src\hotspot\share\interpreter\linkResolver.cpp, line 773]
Event: 15.314 Thread 0x000001da50c2fa10 Exception <a 'java/lang/NoSuchMethodError'{0x0000000086504ae8}: 'java.lang.Object java.lang.invoke.Invokers$Holder.linkToTargetMethod(java.lang.Object, java.lang.Object, java.lang.Object, long, java.lang.Object)'> (0x0000000086504ae8) 
thrown [s\open\src\hotspot\share\interpreter\linkResolver.cpp, line 773]
Event: 15.575 Thread 0x000001da50c2f380 Exception <a 'java/lang/NoSuchMethodError'{0x0000000088539628}: 'int java.lang.invoke.DirectMethodHandle$Holder.invokeStatic(java.lang.Object, java.lang.Object, int, int)'> (0x0000000088539628) 
thrown [s\open\src\hotspot\share\interpreter\linkResolver.cpp, line 773]
Event: 15.629 Thread 0x000001da50c2f380 Exception <a 'java/lang/IncompatibleClassChangeError'{0x00000000873db4e8}: Found class java.lang.Object, but interface was expected> (0x00000000873db4e8) 
thrown [s\open\src\hotspot\share\interpreter\linkResolver.cpp, line 840]
Event: 15.665 Thread 0x000001da50c2f380 Exception <a 'java/lang/IncompatibleClassChangeError'{0x00000000871614d0}: Found class java.lang.Object, but interface was expected> (0x00000000871614d0) 
thrown [s\open\src\hotspot\share\interpreter\linkResolver.cpp, line 840]
Event: 301.129 Thread 0x000001da50c2dfd0 Implicit null exception at 0x000001da07e749b7 to 0x000001da07e77c54
Event: 301.552 Thread 0x000001da50c2dfd0 Implicit null exception at 0x000001da07d36991 to 0x000001da07d36f20
Event: 302.383 Thread 0x000001da51f774f0 Exception <a 'java/net/SocketException'{0x0000000086962170}: No buffer space available (maximum connections reached?): socket> (0x0000000086962170) 
thrown [s\open\src\hotspot\share\prims\jni.cpp, line 539]
Event: 303.044 Thread 0x000001da50c33520 Exception <a 'java/io/IOException'{0x00000000869f03f8}> (0x00000000869f03f8) 
thrown [s\open\src\hotspot\share\prims\jni.cpp, line 520]
Event: 305.320 Thread 0x000001da51f78210 Exception <a 'java/lang/InterruptedException'{0x00000000868df4a8}: sleep interrupted> (0x00000000868df4a8) 
thrown [s\open\src\hotspot\share\prims\jvm.cpp, line 3074]

ZGC Phase Switch (0 events):
No events

VM Operations (20 events):
Event: 150.115 Executing VM operation: Cleanup done
Event: 202.703 Executing VM operation: Cleanup
Event: 202.703 Executing VM operation: Cleanup done
Event: 204.728 Executing VM operation: Cleanup
Event: 204.728 Executing VM operation: Cleanup done
Event: 207.771 Executing VM operation: Cleanup
Event: 207.771 Executing VM operation: Cleanup done
Event: 208.783 Executing VM operation: Cleanup
Event: 208.783 Executing VM operation: Cleanup done
Event: 209.795 Executing VM operation: Cleanup
Event: 209.795 Executing VM operation: Cleanup done
Event: 214.837 Executing VM operation: Cleanup
Event: 214.837 Executing VM operation: Cleanup done
Event: 264.349 Executing VM operation: Cleanup
Event: 264.349 Executing VM operation: Cleanup done
Event: 302.716 Executing VM operation: Cleanup
Event: 302.716 Executing VM operation: Cleanup done
Event: 303.730 Executing VM operation: Cleanup
Event: 303.730 Executing VM operation: Cleanup done
Event: 305.322 Executing VM operation: G1CollectFull (System.gc())

Events (20 events):
Event: 302.239 Thread 0x000001da51f774f0 Thread added: 0x000001da51f774f0
Event: 302.241 Thread 0x000001da50c2dfd0 Thread exited: 0x000001da50c2dfd0
Event: 303.038 Thread 0x000001da50c32800 Thread exited: 0x000001da50c32800
Event: 303.041 Thread 0x000001da50c31450 Thread exited: 0x000001da50c31450
Event: 303.041 Thread 0x000001da50c2d940 Thread exited: 0x000001da50c2d940
Event: 303.041 Thread 0x000001da50c32170 Thread exited: 0x000001da50c32170
Event: 303.041 Thread 0x000001da50c300a0 Thread exited: 0x000001da50c300a0
Event: 303.041 Thread 0x000001da50c31ae0 Thread exited: 0x000001da50c31ae0
Event: 303.041 Thread 0x000001da50c32e90 Thread exited: 0x000001da50c32e90
Event: 303.041 Thread 0x000001da50c30dc0 Thread exited: 0x000001da50c30dc0
Event: 303.044 Thread 0x000001da50c2fa10 Thread exited: 0x000001da50c2fa10
Event: 303.044 Thread 0x000001da50c2c590 Thread exited: 0x000001da50c2c590
Event: 303.044 Thread 0x000001da50c2f380 Thread exited: 0x000001da50c2f380
Event: 303.048 Thread 0x000001da50c33520 Thread exited: 0x000001da50c33520
Event: 305.177 Thread 0x000001da50c2d940 Thread added: 0x000001da50c2d940
Event: 305.181 Thread 0x000001da51f76e60 Thread exited: 0x000001da51f76e60
Event: 305.276 Thread 0x000001da50c2d940 Thread exited: 0x000001da50c2d940
Event: 305.320 Thread 0x000001da51f788a0 Thread exited: 0x000001da51f788a0
Event: 305.320 Thread 0x000001da51f76140 Thread exited: 0x000001da51f76140
Event: 305.321 Thread 0x000001da51f78210 Thread exited: 0x000001da51f78210


Dynamic libraries:
0x00007ff6ffce0000 - 0x00007ff6ffcf0000 	C:\Program Files\Java\jdk-21\bin\java.exe
0x00007ffca07a0000 - 0x00007ffca0a06000 	C:\WINDOWS\SYSTEM32\ntdll.dll
0x00007ffc7a280000 - 0x00007ffc7a29b000 	C:\Program Files\Avast Software\Avast\aswhook.dll
0x00007ffc9f430000 - 0x00007ffc9f4f9000 	C:\WINDOWS\System32\KERNEL32.DLL
0x00007ffc9ddf0000 - 0x00007ffc9e1bc000 	C:\WINDOWS\System32\KERNELBASE.dll
0x00007ffc9e1c0000 - 0x00007ffc9e30b000 	C:\WINDOWS\System32\ucrtbase.dll
0x00007ffc8d720000 - 0x00007ffc8d739000 	C:\Program Files\Java\jdk-21\bin\jli.dll
0x00007ffc8d700000 - 0x00007ffc8d71b000 	C:\Program Files\Java\jdk-21\bin\VCRUNTIME140.dll
0x00007ffc9ebb0000 - 0x00007ffc9ec62000 	C:\WINDOWS\System32\ADVAPI32.dll
0x00007ffca0140000 - 0x00007ffca01e9000 	C:\WINDOWS\System32\msvcrt.dll
0x00007ffca0630000 - 0x00007ffca06d6000 	C:\WINDOWS\System32\sechost.dll
0x00007ffc9ecd0000 - 0x00007ffc9ede6000 	C:\WINDOWS\System32\RPCRT4.dll
0x00007ffca0210000 - 0x00007ffca03da000 	C:\WINDOWS\System32\USER32.dll
0x00007ffc9e530000 - 0x00007ffc9e557000 	C:\WINDOWS\System32\win32u.dll
0x00007ffc7e0f0000 - 0x00007ffc7e38a000 	C:\WINDOWS\WinSxS\amd64_microsoft.windows.common-controls_6595b64144ccf1df_6.0.26100.3912_none_3e07963ce335137e\COMCTL32.dll
0x00007ffca0550000 - 0x00007ffca057b000 	C:\WINDOWS\System32\GDI32.dll
0x00007ffc9d9e0000 - 0x00007ffc9db12000 	C:\WINDOWS\System32\gdi32full.dll
0x00007ffc9d930000 - 0x00007ffc9d9d3000 	C:\WINDOWS\System32\msvcp_win.dll
0x00007ffc93400000 - 0x00007ffc9340b000 	C:\WINDOWS\SYSTEM32\VERSION.dll
0x00007ffc9eb70000 - 0x00007ffc9eba0000 	C:\WINDOWS\System32\IMM32.DLL
0x00007ffc8d6f0000 - 0x00007ffc8d6fc000 	C:\Program Files\Java\jdk-21\bin\vcruntime140_1.dll
0x00007ffc8d660000 - 0x00007ffc8d6ee000 	C:\Program Files\Java\jdk-21\bin\msvcp140.dll
0x00007ffc5a7a0000 - 0x00007ffc5b4b5000 	C:\Program Files\Java\jdk-21\bin\server\jvm.dll
0x00007ffc9edf0000 - 0x00007ffc9ee64000 	C:\WINDOWS\System32\WS2_32.dll
0x00007ffc9d0f0000 - 0x00007ffc9d14e000 	C:\WINDOWS\SYSTEM32\POWRPROF.dll
0x00007ffc93f50000 - 0x00007ffc93f86000 	C:\WINDOWS\SYSTEM32\WINMM.dll
0x00007ffc9d0d0000 - 0x00007ffc9d0e4000 	C:\WINDOWS\SYSTEM32\UMPDC.dll
0x00007ffc9c6b0000 - 0x00007ffc9c6ca000 	C:\WINDOWS\SYSTEM32\kernel.appcore.dll
0x00007ffc8d650000 - 0x00007ffc8d65a000 	C:\Program Files\Java\jdk-21\bin\jimage.dll
0x00007ffc9afb0000 - 0x00007ffc9b1f1000 	C:\WINDOWS\SYSTEM32\DBGHELP.DLL
0x00007ffc9e6f0000 - 0x00007ffc9ea74000 	C:\WINDOWS\System32\combase.dll
0x00007ffc9ea80000 - 0x00007ffc9eb60000 	C:\WINDOWS\System32\OLEAUT32.dll
0x00007ffc8a6f0000 - 0x00007ffc8a729000 	C:\WINDOWS\SYSTEM32\dbgcore.DLL
0x00007ffc9e310000 - 0x00007ffc9e3a9000 	C:\WINDOWS\System32\bcryptPrimitives.dll
0x00007ffc60a20000 - 0x00007ffc60a2f000 	C:\Program Files\Java\jdk-21\bin\instrument.dll
0x00007ffc8d630000 - 0x00007ffc8d64f000 	C:\Program Files\Java\jdk-21\bin\java.dll
0x00007ffc9f830000 - 0x00007ffc9ff5d000 	C:\WINDOWS\System32\SHELL32.dll
0x00007ffc9db20000 - 0x00007ffc9dc94000 	C:\WINDOWS\System32\wintypes.dll
0x00007ffc9b560000 - 0x00007ffc9bdb6000 	C:\WINDOWS\SYSTEM32\windows.storage.dll
0x00007ffc9e5e0000 - 0x00007ffc9e6cf000 	C:\WINDOWS\System32\SHCORE.dll
0x00007ffc9f610000 - 0x00007ffc9f679000 	C:\WINDOWS\System32\shlwapi.dll
0x00007ffc9d840000 - 0x00007ffc9d86f000 	C:\WINDOWS\SYSTEM32\profapi.dll
0x00007ffc8d550000 - 0x00007ffc8d627000 	C:\Program Files\Java\jdk-21\bin\jsvml.dll
0x00007ffc8d500000 - 0x00007ffc8d518000 	C:\Program Files\Java\jdk-21\bin\zip.dll
0x00007ffc8d540000 - 0x00007ffc8d550000 	C:\Program Files\Java\jdk-21\bin\net.dll
0x00007ffc96090000 - 0x00007ffc961ae000 	C:\WINDOWS\SYSTEM32\WINHTTP.dll
0x00007ffc9cc00000 - 0x00007ffc9cc6a000 	C:\WINDOWS\system32\mswsock.dll
0x00007ffc8d520000 - 0x00007ffc8d536000 	C:\Program Files\Java\jdk-21\bin\nio.dll
0x00007ffc5ef00000 - 0x00007ffc5ef1a000 	C:\Program Files\JetBrains\IntelliJ IDEA Community Edition 2022.3.2\bin\breakgen64.dll
0x00007ffc97950000 - 0x00007ffc97957000 	C:\Program Files\Java\jdk-21\bin\extnet.dll
0x00007ffc60870000 - 0x00007ffc6087a000 	C:\Program Files\Java\jdk-21\bin\management.dll
0x00007ffc5fec0000 - 0x00007ffc5fecb000 	C:\Program Files\Java\jdk-21\bin\management_ext.dll
0x00007ffca0200000 - 0x00007ffca0208000 	C:\WINDOWS\System32\PSAPI.DLL
0x00007ffc5db90000 - 0x00007ffc5db9e000 	C:\Program Files\Java\jdk-21\bin\sunmscapi.dll
0x00007ffc9e3b0000 - 0x00007ffc9e527000 	C:\WINDOWS\System32\CRYPT32.dll
0x00007ffc9d1b0000 - 0x00007ffc9d1e0000 	C:\WINDOWS\SYSTEM32\ncrypt.dll
0x00007ffc9d160000 - 0x00007ffc9d19f000 	C:\WINDOWS\SYSTEM32\NTASN1.dll
0x00007ffc9cf40000 - 0x00007ffc9cf5c000 	C:\WINDOWS\SYSTEM32\CRYPTSP.dll
0x00007ffc9c610000 - 0x00007ffc9c64a000 	C:\WINDOWS\system32\rsaenh.dll
0x00007ffc9cca0000 - 0x00007ffc9cccb000 	C:\WINDOWS\SYSTEM32\USERENV.dll
0x00007ffc9d810000 - 0x00007ffc9d836000 	C:\WINDOWS\SYSTEM32\bcrypt.dll
0x00007ffc9ce30000 - 0x00007ffc9ce3c000 	C:\WINDOWS\SYSTEM32\CRYPTBASE.dll
0x00007ffc9c120000 - 0x00007ffc9c153000 	C:\WINDOWS\SYSTEM32\IPHLPAPI.DLL
0x00007ffca01f0000 - 0x00007ffca01fa000 	C:\WINDOWS\System32\NSI.dll
0x00007ffc8d4f0000 - 0x00007ffc8d500000 	C:\Program Files\Java\jdk-21\bin\verify.dll
0x00007ffc9c1c0000 - 0x00007ffc9c2e7000 	C:\WINDOWS\SYSTEM32\DNSAPI.dll
0x00007ffc96210000 - 0x00007ffc9621b000 	C:\Windows\System32\rasadhlp.dll
0x00007ffc96b60000 - 0x00007ffc96be6000 	C:\WINDOWS\System32\fwpuclnt.dll
0x00007ffc986e0000 - 0x00007ffc986e8000 	C:\WINDOWS\system32\wshunix.dll

dbghelp: loaded successfully - version: 4.0.5 - missing functions: none
symbol engine: initialized successfully - sym options: 0x614 - pdb path: .;C:\Program Files\Java\jdk-21\bin;C:\WINDOWS\SYSTEM32;C:\Program Files\Avast Software\Avast;C:\WINDOWS\WinSxS\amd64_microsoft.windows.common-controls_6595b64144ccf1df_6.0.26100.3912_none_3e07963ce335137e;C:\Program Files\Java\jdk-21\bin\server;C:\Program Files\JetBrains\IntelliJ IDEA Community Edition 2022.3.2\bin

VM Arguments:
jvm_args: -javaagent:C:\Program Files\JetBrains\IntelliJ IDEA Community Edition 2022.3.2\lib\idea_rt.jar=63260:C:\Program Files\JetBrains\IntelliJ IDEA Community Edition 2022.3.2\bin -Dfile.encoding=UTF-8 -Dsun.stdout.encoding=UTF-8 -Dsun.stderr.encoding=UTF-8 
java_command: com.pfe.challenge.ChallengeApplication
java_class_path (initial): C:\Users\Lenovo\Desktop\challengev2\challenge\target\classes;C:\Users\Lenovo\.m2\repository\org\springframework\boot\spring-boot-starter-data-jpa\3.3.10\spring-boot-starter-data-jpa-3.3.10.jar;C:\Users\Lenovo\.m2\repository\org\springframework\boot\spring-boot-starter-aop\3.3.10\spring-boot-starter-aop-3.3.10.jar;C:\Users\Lenovo\.m2\repository\org\aspectj\aspectjweaver\1.9.23\aspectjweaver-1.9.23.jar;C:\Users\Lenovo\.m2\repository\org\springframework\boot\spring-boot-starter-jdbc\3.3.10\spring-boot-starter-jdbc-3.3.10.jar;C:\Users\Lenovo\.m2\repository\com\zaxxer\HikariCP\5.1.0\HikariCP-5.1.0.jar;C:\Users\Lenovo\.m2\repository\org\springframework\spring-jdbc\6.1.18\spring-jdbc-6.1.18.jar;C:\Users\Lenovo\.m2\repository\org\hibernate\orm\hibernate-core\6.5.3.Final\hibernate-core-6.5.3.Final.jar;C:\Users\Lenovo\.m2\repository\jakarta\persistence\jakarta.persistence-api\3.1.0\jakarta.persistence-api-3.1.0.jar;C:\Users\Lenovo\.m2\repository\jakarta\transaction\jakarta.transaction-api\2.0.1\jakarta.transaction-api-2.0.1.jar;C:\Users\Lenovo\.m2\repository\org\jboss\logging\jboss-logging\3.5.3.Final\jboss-logging-3.5.3.Final.jar;C:\Users\Lenovo\.m2\repository\org\hibernate\common\hibernate-commons-annotations\6.0.6.Final\hibernate-commons-annotations-6.0.6.Final.jar;C:\Users\Lenovo\.m2\repository\io\smallrye\jandex\3.1.2\jandex-3.1.2.jar;C:\Users\Lenovo\.m2\repository\com\fasterxml\classmate\1.7.0\classmate-1.7.0.jar;C:\Users\Lenovo\.m2\repository\net\bytebuddy\byte-buddy\1.14.19\byte-buddy-1.14.19.jar;C:\Users\Lenovo\.m2\repository\org\glassfish\jaxb\jaxb-runtime\4.0.5\jaxb-runtime-4.0.5.jar;C:\Users\Lenovo\.m2\repository\org\glassfish\jaxb\jaxb-core\4.0.5\jaxb-core-4.0.5.jar;C:\Users\Lenovo\.m2\repository\org\eclipse\angus\angus-activation\2.0.2\angus-activation-2.0.2.jar;C:\Users\Lenovo\.m2\repository\org\glassfish\jaxb\txw2\4.0.5\txw2-4.0.5.jar;C:\Users\Lenovo\.m2\repository\com\sun\istack\istack-commons-runtime\4.1.2\istack-commons-runtime-4.1.2.jar;C:\Users\Lenovo\.m2\repository\jakarta\inject\jakarta.inject-api\2.0.1\jakarta.inject-api-2.0.1.jar;C:\Users\Lenovo\.m2\repository\org\antlr\antlr4-runtime\4.13.0\antlr4-runtime-4.13.0.jar;C:\Users\Lenovo\.m2\repository\org\springframework\data\spring-data-jpa\3.3.10\spring-data-jpa-3.3.10.jar;C:\Users\Lenovo\.m2\repository\org\springframework\data\spring-data-commons\3.3.10\spring-data-commons-3.3.10.jar;C:\Users\Lenovo\.m2\repository\org\springframework\spring-orm\6.1.18\spring-orm-6.1.18.jar;C:\Users\Lenovo\.m2\repository\org\springframework\spring-context\6.1.18\spring-context-6.1.18.jar;C:\Users\Lenovo\.m2\repository\org\springframework\spring-tx\6.1.18\spring-tx-6.1.18.jar;C:\Users\Lenovo\.m2\repository\org\springframework\spring-beans\6.1.18\spring-beans-6.1.18.jar;C:\Users\Lenovo\.m2\repository\jakarta\annotation\jakarta.annotation-api\2.1.1\jakarta.annotation-api-2.1.1.jar;C:\Users\Lenovo\.m2\repository\org\slf4j\slf4j-api\2.0.17\slf4j-api-2.0.17.jar;C:\Users\Lenovo\.m2\repository\org\springframework\spring-aspects\6.1.18\spring-aspects-6.1.18.jar;C:\Users\Lenovo\.m2\repository\org\springframework\boot\spring-boot-starter-web\3.3.10\spring-boot-starter-web-3.3.10.jar;C:\Users\Lenovo\.m2\repository\org\springframework\boot\spring-boot-starter\3.3.10\spring-boot-starter-3.3.10.jar;C:\Users\Lenovo\.m2\repository\org\springframework\boot\spring-boot-starter-logging\3.3.10\spring-boot-starter-logging-3.3.10.jar;C:\Users\Lenovo\.m2\repository\ch\qos\logback\logback-classic\1.5.18\logback-classic-1.5.18.jar;C:\Users\Lenovo\.m2\repository\ch\qos\logback\logback-core\1.5.18\logback-core-1.5.18.jar;C:\Users\Lenovo\.m2\repository\org\apache\logging\log4j\log4j-to-slf4j\2.23.1\log4j-to-slf4j-2.23.1.jar;C:\Users\Lenovo\.m2\repository\org\apache\logging\log4j\log4j-api\2.23.1\log4j-api-2.23.1.jar;C:\Users\Lenovo\.m2\repository\org\slf4j\jul-to-slf4j\2.0.17\jul-to-slf4j-2.0.17.jar;C:\Users\Lenovo\.m2\repository\org\yaml\snakeyaml\2.2\snakeyaml-2.2.jar;C:\Users\Lenovo\.m2\repository\org\springframework\boot\spring-boot-starter-json\3.3.10\spring-boot-starter-json-3.3.10.jar;C:\Users\Lenovo\.m2\repository\com\fasterxml\jackson\datatype\jackson-datatype-jdk8\2.17.3\jackson-datatype-jdk8-2.17.3.jar;C:\Users\Lenovo\.m2\repository\com\fasterxml\jackson\module\jackson-module-parameter-names\2.17.3\jackson-module-parameter-names-2.17.3.jar;C:\Users\Lenovo\.m2\repository\org\springframework\boot\spring-boot-starter-tomcat\3.3.10\spring-boot-starter-tomcat-3.3.10.jar;C:\Users\Lenovo\.m2\repository\org\apache\tomcat\embed\tomcat-embed-core\10.1.39\tomcat-embed-core-10.1.39.jar;C:\Users\Lenovo\.m2\repository\org\apache\tomcat\embed\tomcat-embed-websocket\10.1.39\tomcat-embed-websocket-10.1.39.jar;C:\Users\Lenovo\.m2\repository\org\springframework\spring-web\6.1.18\spring-web-6.1.18.jar;C:\Users\Lenovo\.m2\repository\io\micrometer\micrometer-observation\1.13.12\micrometer-observation-1.13.12.jar;C:\Users\Lenovo\.m2\repository\io\micrometer\micrometer-commons\1.13.12\micrometer-commons-1.13.12.jar;C:\Users\Lenovo\.m2\repository\org\springframework\spring-webmvc\6.1.18\spring-webmvc-6.1.18.jar;C:\Users\Lenovo\.m2\repository\org\springframework\spring-expression\6.1.18\spring-expression-6.1.18.jar;C:\Users\Lenovo\.m2\repository\org\springframework\boot\spring-boot-devtools\3.3.10\spring-boot-devtools-3.3.10.jar;C:\Users\Lenovo\.m2\repository\org\springframework\boot\spring-boot\3.3.10\spring-boot-3.3.10.jar;C:\Users\Lenovo\.m2\repository\org\springframework\boot\spring-boot-autoconfigure\3.3.10\spring-boot-autoconfigure-3.3.10.jar;C:\Users\Lenovo\.m2\repository\com\mysql\mysql-connector-j\8.3.0\mysql-connector-j-8.3.0.jar;C:\Users\Lenovo\.m2\repository\com\fasterxml\jackson\core\jackson-databind\2.17.3\jackson-databind-2.17.3.jar;C:\Users\Lenovo\.m2\repository\com\fasterxml\jackson\core\jackson-annotations\2.17.3\jackson-annotations-2.17.3.jar;C:\Users\Lenovo\.m2\repository\com\fasterxml\jackson\core\jackson-core\2.17.3\jackson-core-2.17.3.jar;C:\Users\Lenovo\.m2\repository\jakarta\xml\bind\jakarta.xml.bind-api\4.0.2\jakarta.xml.bind-api-4.0.2.jar;C:\Users\Lenovo\.m2\repository\jakarta\activation\jakarta.activation-api\2.1.3\jakarta.activation-api-2.1.3.jar;C:\Users\Lenovo\.m2\repository\org\springframework\spring-core\6.1.18\spring-core-6.1.18.jar;C:\Users\Lenovo\.m2\repository\org\springframework\spring-jcl\6.1.18\spring-jcl-6.1.18.jar;C:\Users\Lenovo\.m2\repository\com\fasterxml\jackson\datatype\jackson-datatype-jsr310\2.17.3\jackson-datatype-jsr310-2.17.3.jar;C:\Users\Lenovo\.m2\repository\org\springframework\boot\spring-boot-starter-validation\3.3.10\spring-boot-starter-validation-3.3.10.jar;C:\Users\Lenovo\.m2\repository\org\apache\tomcat\embed\tomcat-embed-el\10.1.39\tomcat-embed-el-10.1.39.jar;C:\Users\Lenovo\.m2\repository\org\hibernate\validator\hibernate-validator\8.0.2.Final\hibernate-validator-8.0.2.Final.jar;C:\Users\Lenovo\.m2\repository\jakarta\validation\jakarta.validation-api\3.0.2\jakarta.validation-api-3.0.2.jar;C:\Users\Lenovo\.m2\repository\org\springframework\boot\spring-boot-starter-security\3.3.10\spring-boot-starter-security-3.3.10.jar;C:\Users\Lenovo\.m2\repository\org\springframework\spring-aop\6.1.18\spring-aop-6.1.18.jar;C:\Users\Lenovo\.m2\repository\org\springframework\security\spring-security-config\6.3.8\spring-security-config-6.3.8.jar;C:\Users\Lenovo\.m2\repository\org\springframework\security\spring-security-core\6.3.8\spring-security-core-6.3.8.jar;C:\Users\Lenovo\.m2\repository\org\springframework\security\spring-security-crypto\6.3.8\spring-security-crypto-6.3.8.jar;C:\Users\Lenovo\.m2\repository\org\springframework\security\spring-security-web\6.3.8\spring-security-web-6.3.8.jar;C:\Users\Lenovo\.m2\repository\io\jsonwebtoken\jjwt-api\0.11.5\jjwt-api-0.11.5.jar;C:\Users\Lenovo\.m2\repository\io\jsonwebtoken\jjwt-impl\0.11.5\jjwt-impl-0.11.5.jar;C:\Users\Lenovo\.m2\repository\io\jsonwebtoken\jjwt-jackson\0.11.5\jjwt-jackson-0.11.5.jar
Launcher Type: SUN_STANDARD

[Global flags]
     intx CICompilerCount                          = 4                                         {product} {ergonomic}
     uint ConcGCThreads                            = 2                                         {product} {ergonomic}
     uint G1ConcRefinementThreads                  = 8                                         {product} {ergonomic}
   size_t G1HeapRegionSize                         = 1048576                                   {product} {ergonomic}
    uintx GCDrainStackTargetSize                   = 64                                        {product} {ergonomic}
   size_t InitialHeapSize                          = 132120576                                 {product} {ergonomic}
   size_t MarkStackSize                            = 4194304                                   {product} {ergonomic}
   size_t MaxHeapSize                              = 2090860544                                {product} {ergonomic}
   size_t MaxNewSize                               = 1254096896                                {product} {ergonomic}
   size_t MinHeapDeltaBytes                        = 1048576                                   {product} {ergonomic}
   size_t MinHeapSize                              = 8388608                                   {product} {ergonomic}
    uintx NonNMethodCodeHeapSize                   = 5839372                                {pd product} {ergonomic}
    uintx NonProfiledCodeHeapSize                  = 122909434                              {pd product} {ergonomic}
    uintx ProfiledCodeHeapSize                     = 122909434                              {pd product} {ergonomic}
    uintx ReservedCodeCacheSize                    = 251658240                              {pd product} {ergonomic}
     bool SegmentedCodeCache                       = true                                      {product} {ergonomic}
   size_t SoftMaxHeapSize                          = 2090860544                             {manageable} {ergonomic}
     bool UseCompressedOops                        = true                           {product lp64_product} {ergonomic}
     bool UseG1GC                                  = true                                      {product} {ergonomic}
     bool UseLargePagesIndividualAllocation        = false                                  {pd product} {ergonomic}

Logging:
Log output configuration:
 #0: stdout all=warning uptime,level,tags foldmultilines=false
 #1: stderr all=off uptime,level,tags foldmultilines=false

Environment Variables:
JAVA_HOME=C:\Program Files\Java\jdk-21
CLASSPATH=C:\Program Files\Apache Software Foundation\Tomcat 10.1\lib\servlet-api.jar
PATH=C:\Program Files\MongoDB\Server\7.0\bin;C:\Program Files\Common Files\Oracle\Java\javapath;C:\Windows\system32;C:\Windows;C:\Windows\System32\Wbem;C:\Windows\System32\WindowsPowerShell\v1.0\;C:\Windows\System32\OpenSSH\;C:\Program Files (x86)\NVIDIA Corporation\PhysX\Common;C:\Program Files\NVIDIA Corporation\NVIDIA NvDLISR;C:\composer;C:\Users\Lenovo\Downloads\symfony-cli_windows_amd64;C:\Program Files\Docker\Docker\resources\bin;C:\Program Files\MongoDB\Tools\100\bin;C:\Program Files\nodejs\;C:\Program Files\Git\cmd;C:\Program Files\Java\jdk-21\bin;;%SystemRoot%\system32;%SystemRoot%;%SystemRoot%\System32\Wbem;%SYSTEMROOT%\System32\WindowsPowerShell\v1.0\;%SYSTEMROOT%\System32\OpenSSH\;C:\Users\Lenovo\AppData\Local\Microsoft\WindowsApps;C:\Users\Lenovo\AppData\Local\Programs\Microsoft VS Code\bin;C:\flutter\bin;C:\xampp\php;C:\Users\Lenovo\AppData\Roaming\Composer\vendor\bin;C:\Program Files\Java\jdk-11\bin;C:\Program Files\JetBrains\IntelliJ IDEA Community Edition 2022.3.2\bin;;C:\Users\Lenovo\Desktop\mingw64\bin;C:\Users\Lenovo\AppData\Local\Programs\mongosh\;C:\Users\Lenovo\AppData\Roaming\npm;C:\xampp\mysql\bin;C:\Users\Lenovo\AppData\Local\Programs\cursor\resources\app\bin;C:\Program Files\PostgreSQL\17\bin;
USERNAME=Lenovo
OS=Windows_NT
PROCESSOR_IDENTIFIER=Intel64 Family 6 Model 140 Stepping 1, GenuineIntel
TMP=C:\Users\Lenovo\AppData\Local\Temp
TEMP=C:\Users\Lenovo\AppData\Local\Temp




Periodic native trim disabled

---------------  S Y S T E M  ---------------

OS:
 Windows 11 , 64 bit Build 26100 (10.0.26100.3912)
OS uptime: 0 days 5:17 hours
Hyper-V role detected

CPU: total 8 (initial active 8) (4 cores per cpu, 2 threads per core) family 6 model 140 stepping 1 microcode 0xa4, cx8, cmov, fxsr, ht, mmx, 3dnowpref, sse, sse2, sse3, ssse3, sse4.1, sse4.2, popcnt, lzcnt, tsc, tscinvbit, avx, avx2, aes, erms, clmul, bmi1, bmi2, adx, avx512f, avx512dq, avx512cd, avx512bw, avx512vl, sha, fma, vzeroupper, avx512_vpopcntdq, avx512_vpclmulqdq, avx512_vaes, avx512_vnni, clflush, clflushopt, clwb, avx512_vbmi2, avx512_vbmi, hv, rdtscp, rdpid, fsrm, gfni, avx512_bitalg, f16c, cet_ibt, cet_ss, avx512_ifma
Processor Information for all 8 processors :
  Max Mhz: 2419, Current Mhz: 2419, Mhz Limit: 2419

Memory: 4k page, system-wide physical 7975M (620M free)
TotalPageFile size 18215M (AvailPageFile size 0M)
current process WorkingSet (physical memory assigned to process): 84M, peak: 305M
current process commit charge ("private bytes"): 320M, peak: 338M

vm_info: Java HotSpot(TM) 64-Bit Server VM (21.0.1+12-LTS-29) for windows-amd64 JRE (21.0.1+12-LTS-29), built on 2023-10-05T13:27:09Z by "mach5one" with MS VC++ 17.1 (VS2022)

END.
